-- The C compiler identification is GNU 13.3.0
-- The CXX compiler identification is GNU 13.3.0
-- Detecting C compiler ABI info
-- Detecting C compiler ABI info - done
-- Check for working C compiler: /usr/bin/cc - skipped
-- Detecting C compile features
-- Detecting C compile features - done
-- Detecting CXX compiler ABI info
-- Detecting CXX compiler ABI info - done
-- Check for working CXX compiler: /usr/bin/c++ - skipped
-- Detecting CXX compile features
-- Detecting CXX compile features - done
-- Found ament_cmake: 2.5.4 (/opt/ros/jazzy/share/ament_cmake/cmake)
-- Found Python3: /home/kyle/miniconda3/envs/chrono312/bin/python3 (found version "3.12.0") found components: Interpreter 
-- Found rosidl_default_generators: 1.6.0 (/opt/ros/jazzy/share/rosidl_default_generators/cmake)
-- Using all available rosidl_typesupport_c: rosidl_typesupport_fastrtps_c;rosidl_typesupport_introspection_c
-- Using all available rosidl_typesupport_cpp: rosidl_typesupport_fastrtps_cpp;rosidl_typesupport_introspection_cpp
-- Found rosidl_adapter: 4.6.6 (/opt/ros/jazzy/share/rosidl_adapter/cmake)
-- Found builtin_interfaces: 2.0.3 (/opt/ros/jazzy/share/builtin_interfaces/cmake)
-- Found geometry_msgs: 5.3.6 (/opt/ros/jazzy/share/geometry_msgs/cmake)
-- Found ament_cmake_ros: 0.12.0 (/opt/ros/jazzy/share/ament_cmake_ros/cmake)
-- Using all available rosidl_typesupport_c: rosidl_typesupport_fastrtps_c;rosidl_typesupport_introspection_c
-- Using all available rosidl_typesupport_cpp: rosidl_typesupport_fastrtps_cpp;rosidl_typesupport_introspection_cpp
-- Found python_cmake_module: 0.11.1 (/opt/ros/jazzy/share/python_cmake_module/cmake)
-- Found PythonExtra: /home/kyle/miniconda3/envs/chrono312/bin/python3  
-- Found Python3: /home/kyle/miniconda3/envs/chrono312/bin/python3 (found version "3.12.0") found components: Interpreter Development NumPy Development.Module Development.Embed 
-- Configuring done (1.2s)
-- Generating done (0.0s)
-- Build files have been written to: /home/kyle/Documents/ros2_bridge/build/teleop_bridge_msgs
[  1%] [34m[1mGenerating type hashes for ROS interfaces[0m
[  1%] Built target ament_cmake_python_copy_teleop_bridge_msgs
running egg_info
creating teleop_bridge_msgs.egg-info
writing teleop_bridge_msgs.egg-info/PKG-INFO
writing dependency_links to teleop_bridge_msgs.egg-info/dependency_links.txt
writing top-level names to teleop_bridge_msgs.egg-info/top_level.txt
writing manifest file 'teleop_bridge_msgs.egg-info/SOURCES.txt'
reading manifest file 'teleop_bridge_msgs.egg-info/SOURCES.txt'
writing manifest file 'teleop_bridge_msgs.egg-info/SOURCES.txt'
[  1%] Built target ament_cmake_python_build_teleop_bridge_msgs_egg
[  1%] Built target teleop_bridge_msgs__rosidl_generator_type_description
[  2%] [34m[1mGenerating C code for ROS interfaces[0m
[  3%] [34m[1mGenerating C++ code for ROS interfaces[0m
[  3%] Built target teleop_bridge_msgs__cpp
[  5%] [32mBuilding C object CMakeFiles/teleop_bridge_msgs__rosidl_generator_c.dir/rosidl_generator_c/teleop_bridge_msgs/msg/detail/driver_input__description.c.o[0m
[  7%] [32mBuilding C object CMakeFiles/teleop_bridge_msgs__rosidl_generator_c.dir/rosidl_generator_c/teleop_bridge_msgs/msg/detail/driver_input__functions.c.o[0m
[  7%] [32mBuilding C object CMakeFiles/teleop_bridge_msgs__rosidl_generator_c.dir/rosidl_generator_c/teleop_bridge_msgs/msg/detail/driver_input__type_support.c.o[0m
[  9%] [32mBuilding C object CMakeFiles/teleop_bridge_msgs__rosidl_generator_c.dir/rosidl_generator_c/teleop_bridge_msgs/msg/detail/ego_state__description.c.o[0m
[ 13%] [32mBuilding C object CMakeFiles/teleop_bridge_msgs__rosidl_generator_c.dir/rosidl_generator_c/teleop_bridge_msgs/msg/detail/tracked_vehicle__description.c.o[0m
[ 14%] [32mBuilding C object CMakeFiles/teleop_bridge_msgs__rosidl_generator_c.dir/rosidl_generator_c/teleop_bridge_msgs/msg/detail/tracked_vehicle__functions.c.o[0m
[ 14%] [32mBuilding C object CMakeFiles/teleop_bridge_msgs__rosidl_generator_c.dir/rosidl_generator_c/teleop_bridge_msgs/msg/detail/tracked_vehicle__type_support.c.o[0m
[ 15%] [32mBuilding C object CMakeFiles/teleop_bridge_msgs__rosidl_generator_c.dir/rosidl_generator_c/teleop_bridge_msgs/msg/detail/tracked_vehicle_array__description.c.o[0m
[  9%] [32mBuilding C object CMakeFiles/teleop_bridge_msgs__rosidl_generator_c.dir/rosidl_generator_c/teleop_bridge_msgs/msg/detail/ego_state__functions.c.o[0m
[ 10%] [32mBuilding C object CMakeFiles/teleop_bridge_msgs__rosidl_generator_c.dir/rosidl_generator_c/teleop_bridge_msgs/msg/detail/ego_state__type_support.c.o[0m
[ 16%] [32mBuilding C object CMakeFiles/teleop_bridge_msgs__rosidl_generator_c.dir/rosidl_generator_c/teleop_bridge_msgs/msg/detail/tracked_vehicle_array__functions.c.o[0m
[ 17%] [32mBuilding C object CMakeFiles/teleop_bridge_msgs__rosidl_generator_c.dir/rosidl_generator_c/teleop_bridge_msgs/msg/detail/tracked_vehicle_array__type_support.c.o[0m
[ 20%] [32mBuilding C object CMakeFiles/teleop_bridge_msgs__rosidl_generator_c.dir/rosidl_generator_c/teleop_bridge_msgs/msg/detail/control_command__description.c.o[0m
[ 21%] [32mBuilding C object CMakeFiles/teleop_bridge_msgs__rosidl_generator_c.dir/rosidl_generator_c/teleop_bridge_msgs/msg/detail/control_command__type_support.c.o[0m
[ 20%] [32mBuilding C object CMakeFiles/teleop_bridge_msgs__rosidl_generator_c.dir/rosidl_generator_c/teleop_bridge_msgs/msg/detail/control_command__functions.c.o[0m
[ 22%] [32mBuilding C object CMakeFiles/teleop_bridge_msgs__rosidl_generator_c.dir/rosidl_generator_c/teleop_bridge_msgs/msg/detail/warning_status__description.c.o[0m
[ 23%] [32mBuilding C object CMakeFiles/teleop_bridge_msgs__rosidl_generator_c.dir/rosidl_generator_c/teleop_bridge_msgs/msg/detail/warning_status__functions.c.o[0m
[ 25%] [32mBuilding C object CMakeFiles/teleop_bridge_msgs__rosidl_generator_c.dir/rosidl_generator_c/teleop_bridge_msgs/msg/detail/warning_status__type_support.c.o[0m
[ 26%] [32m[1mLinking C shared library libteleop_bridge_msgs__rosidl_generator_c.so[0m
[ 26%] Built target teleop_bridge_msgs__rosidl_generator_c
[ 30%] [34m[1mGenerating C introspection for ROS interfaces[0m
[ 30%] [34m[1mGenerating C++ type support dispatch for ROS interfaces[0m
[ 30%] [34m[1mGenerating C type support for eProsima Fast-RTPS[0m
[ 30%] [34m[1mGenerating C++ introspection for ROS interfaces[0m
[ 32%] [34m[1mGenerating C++ type support for eProsima Fast-RTPS[0m
[ 33%] [34m[1mGenerating C type support dispatch for ROS interfaces[0m
[ 35%] [32mBuilding CXX object CMakeFiles/teleop_bridge_msgs__rosidl_typesupport_cpp.dir/rosidl_typesupport_cpp/teleop_bridge_msgs/msg/ego_state__type_support.cpp.o[0m
[ 36%] [32mBuilding CXX object CMakeFiles/teleop_bridge_msgs__rosidl_typesupport_cpp.dir/rosidl_typesupport_cpp/teleop_bridge_msgs/msg/tracked_vehicle__type_support.cpp.o[0m
[ 35%] [32mBuilding CXX object CMakeFiles/teleop_bridge_msgs__rosidl_typesupport_cpp.dir/rosidl_typesupport_cpp/teleop_bridge_msgs/msg/tracked_vehicle_array__type_support.cpp.o[0m
[ 38%] [32mBuilding CXX object CMakeFiles/teleop_bridge_msgs__rosidl_typesupport_cpp.dir/rosidl_typesupport_cpp/teleop_bridge_msgs/msg/control_command__type_support.cpp.o[0m
[ 39%] [32mBuilding CXX object CMakeFiles/teleop_bridge_msgs__rosidl_typesupport_cpp.dir/rosidl_typesupport_cpp/teleop_bridge_msgs/msg/driver_input__type_support.cpp.o[0m
[ 40%] [32mBuilding CXX object CMakeFiles/teleop_bridge_msgs__rosidl_typesupport_cpp.dir/rosidl_typesupport_cpp/teleop_bridge_msgs/msg/warning_status__type_support.cpp.o[0m
[ 41%] [32mBuilding CXX object CMakeFiles/teleop_bridge_msgs__rosidl_typesupport_c.dir/rosidl_typesupport_c/teleop_bridge_msgs/msg/driver_input__type_support.cpp.o[0m
[ 42%] [32mBuilding CXX object CMakeFiles/teleop_bridge_msgs__rosidl_typesupport_c.dir/rosidl_typesupport_c/teleop_bridge_msgs/msg/ego_state__type_support.cpp.o[0m
[ 44%] [32mBuilding CXX object CMakeFiles/teleop_bridge_msgs__rosidl_typesupport_c.dir/rosidl_typesupport_c/teleop_bridge_msgs/msg/tracked_vehicle__type_support.cpp.o[0m
[ 45%] [32mBuilding CXX object CMakeFiles/teleop_bridge_msgs__rosidl_typesupport_c.dir/rosidl_typesupport_c/teleop_bridge_msgs/msg/tracked_vehicle_array__type_support.cpp.o[0m
[ 46%] [32mBuilding CXX object CMakeFiles/teleop_bridge_msgs__rosidl_typesupport_c.dir/rosidl_typesupport_c/teleop_bridge_msgs/msg/control_command__type_support.cpp.o[0m
[ 47%] [32mBuilding CXX object CMakeFiles/teleop_bridge_msgs__rosidl_typesupport_c.dir/rosidl_typesupport_c/teleop_bridge_msgs/msg/warning_status__type_support.cpp.o[0m
[ 48%] [32mBuilding C object CMakeFiles/teleop_bridge_msgs__rosidl_typesupport_introspection_c.dir/rosidl_typesupport_introspection_c/teleop_bridge_msgs/msg/detail/driver_input__type_support.c.o[0m
[ 50%] [32mBuilding CXX object CMakeFiles/teleop_bridge_msgs__rosidl_typesupport_introspection_cpp.dir/rosidl_typesupport_introspection_cpp/teleop_bridge_msgs/msg/detail/driver_input__type_support.cpp.o[0m
[ 51%] [32mBuilding CXX object CMakeFiles/teleop_bridge_msgs__rosidl_typesupport_introspection_cpp.dir/rosidl_typesupport_introspection_cpp/teleop_bridge_msgs/msg/detail/ego_state__type_support.cpp.o[0m
[ 52%] [32mBuilding C object CMakeFiles/teleop_bridge_msgs__rosidl_typesupport_introspection_c.dir/rosidl_typesupport_introspection_c/teleop_bridge_msgs/msg/detail/ego_state__type_support.c.o[0m
[ 53%] [32m[1mLinking CXX shared library libteleop_bridge_msgs__rosidl_typesupport_c.so[0m
[ 54%] [32mBuilding C object CMakeFiles/teleop_bridge_msgs__rosidl_typesupport_introspection_c.dir/rosidl_typesupport_introspection_c/teleop_bridge_msgs/msg/detail/tracked_vehicle__type_support.c.o[0m
[ 54%] Built target teleop_bridge_msgs__rosidl_typesupport_c
[ 55%] [32mBuilding CXX object CMakeFiles/teleop_bridge_msgs__rosidl_typesupport_introspection_cpp.dir/rosidl_typesupport_introspection_cpp/teleop_bridge_msgs/msg/detail/tracked_vehicle__type_support.cpp.o[0m
[ 57%] [32mBuilding C object CMakeFiles/teleop_bridge_msgs__rosidl_typesupport_introspection_c.dir/rosidl_typesupport_introspection_c/teleop_bridge_msgs/msg/detail/tracked_vehicle_array__type_support.c.o[0m
[ 58%] [32mBuilding CXX object CMakeFiles/teleop_bridge_msgs__rosidl_typesupport_fastrtps_cpp.dir/rosidl_typesupport_fastrtps_cpp/teleop_bridge_msgs/msg/detail/dds_fastrtps/driver_input__type_support.cpp.o[0m
[ 59%] [32mBuilding CXX object CMakeFiles/teleop_bridge_msgs__rosidl_typesupport_introspection_cpp.dir/rosidl_typesupport_introspection_cpp/teleop_bridge_msgs/msg/detail/tracked_vehicle_array__type_support.cpp.o[0m
[ 60%] [32mBuilding CXX object CMakeFiles/teleop_bridge_msgs__rosidl_typesupport_introspection_cpp.dir/rosidl_typesupport_introspection_cpp/teleop_bridge_msgs/msg/detail/control_command__type_support.cpp.o[0m
[ 61%] [32mBuilding CXX object CMakeFiles/teleop_bridge_msgs__rosidl_typesupport_introspection_cpp.dir/rosidl_typesupport_introspection_cpp/teleop_bridge_msgs/msg/detail/warning_status__type_support.cpp.o[0m
[ 63%] [32mBuilding C object CMakeFiles/teleop_bridge_msgs__rosidl_typesupport_introspection_c.dir/rosidl_typesupport_introspection_c/teleop_bridge_msgs/msg/detail/control_command__type_support.c.o[0m
[ 65%] [32mBuilding CXX object CMakeFiles/teleop_bridge_msgs__rosidl_typesupport_fastrtps_cpp.dir/rosidl_typesupport_fastrtps_cpp/teleop_bridge_msgs/msg/detail/dds_fastrtps/ego_state__type_support.cpp.o[0m
[ 65%] [32mBuilding CXX object CMakeFiles/teleop_bridge_msgs__rosidl_typesupport_fastrtps_c.dir/rosidl_typesupport_fastrtps_c/teleop_bridge_msgs/msg/detail/driver_input__type_support_c.cpp.o[0m
[ 66%] [32mBuilding CXX object CMakeFiles/teleop_bridge_msgs__rosidl_typesupport_fastrtps_cpp.dir/rosidl_typesupport_fastrtps_cpp/teleop_bridge_msgs/msg/detail/dds_fastrtps/tracked_vehicle__type_support.cpp.o[0m
[ 67%] [32m[1mLinking CXX shared library libteleop_bridge_msgs__rosidl_typesupport_cpp.so[0m
[ 69%] [32mBuilding C object CMakeFiles/teleop_bridge_msgs__rosidl_typesupport_introspection_c.dir/rosidl_typesupport_introspection_c/teleop_bridge_msgs/msg/detail/warning_status__type_support.c.o[0m
[ 69%] Built target teleop_bridge_msgs__rosidl_typesupport_cpp
[ 70%] [32m[1mLinking C shared library libteleop_bridge_msgs__rosidl_typesupport_introspection_c.so[0m
[ 71%] [32mBuilding CXX object CMakeFiles/teleop_bridge_msgs__rosidl_typesupport_fastrtps_c.dir/rosidl_typesupport_fastrtps_c/teleop_bridge_msgs/msg/detail/ego_state__type_support_c.cpp.o[0m
[ 71%] Built target teleop_bridge_msgs__rosidl_typesupport_introspection_c
[ 72%] [32mBuilding CXX object CMakeFiles/teleop_bridge_msgs__rosidl_typesupport_fastrtps_cpp.dir/rosidl_typesupport_fastrtps_cpp/teleop_bridge_msgs/msg/detail/dds_fastrtps/tracked_vehicle_array__type_support.cpp.o[0m
[ 73%] [32mBuilding CXX object CMakeFiles/teleop_bridge_msgs__rosidl_typesupport_fastrtps_c.dir/rosidl_typesupport_fastrtps_c/teleop_bridge_msgs/msg/detail/tracked_vehicle__type_support_c.cpp.o[0m
[ 75%] [32mBuilding CXX object CMakeFiles/teleop_bridge_msgs__rosidl_typesupport_fastrtps_cpp.dir/rosidl_typesupport_fastrtps_cpp/teleop_bridge_msgs/msg/detail/dds_fastrtps/control_command__type_support.cpp.o[0m
[ 76%] [32mBuilding CXX object CMakeFiles/teleop_bridge_msgs__rosidl_typesupport_fastrtps_c.dir/rosidl_typesupport_fastrtps_c/teleop_bridge_msgs/msg/detail/tracked_vehicle_array__type_support_c.cpp.o[0m
[ 77%] [32mBuilding CXX object CMakeFiles/teleop_bridge_msgs__rosidl_typesupport_fastrtps_cpp.dir/rosidl_typesupport_fastrtps_cpp/teleop_bridge_msgs/msg/detail/dds_fastrtps/warning_status__type_support.cpp.o[0m
[ 78%] [32mBuilding CXX object CMakeFiles/teleop_bridge_msgs__rosidl_typesupport_fastrtps_c.dir/rosidl_typesupport_fastrtps_c/teleop_bridge_msgs/msg/detail/control_command__type_support_c.cpp.o[0m
[ 79%] [32m[1mLinking CXX shared library libteleop_bridge_msgs__rosidl_typesupport_introspection_cpp.so[0m
[ 80%] [32mBuilding CXX object CMakeFiles/teleop_bridge_msgs__rosidl_typesupport_fastrtps_c.dir/rosidl_typesupport_fastrtps_c/teleop_bridge_msgs/msg/detail/warning_status__type_support_c.cpp.o[0m
[ 80%] Built target teleop_bridge_msgs__rosidl_typesupport_introspection_cpp
[ 82%] [32m[1mLinking CXX shared library libteleop_bridge_msgs__rosidl_typesupport_fastrtps_cpp.so[0m
[ 82%] Built target teleop_bridge_msgs__rosidl_typesupport_fastrtps_cpp
[ 83%] [32m[1mLinking CXX shared library libteleop_bridge_msgs__rosidl_typesupport_fastrtps_c.so[0m
[ 83%] Built target teleop_bridge_msgs__rosidl_typesupport_fastrtps_c
[ 83%] Built target teleop_bridge_msgs
[ 84%] [34m[1mGenerating Python code for ROS interfaces[0m
[ 84%] Built target teleop_bridge_msgs__py
[ 88%] [32mBuilding C object CMakeFiles/teleop_bridge_msgs__rosidl_generator_py.dir/rosidl_generator_py/teleop_bridge_msgs/msg/_ego_state_s.c.o[0m
[ 88%] [32mBuilding C object CMakeFiles/teleop_bridge_msgs__rosidl_generator_py.dir/rosidl_generator_py/teleop_bridge_msgs/msg/_tracked_vehicle_array_s.c.o[0m
[ 88%] [32mBuilding C object CMakeFiles/teleop_bridge_msgs__rosidl_generator_py.dir/rosidl_generator_py/teleop_bridge_msgs/msg/_tracked_vehicle_s.c.o[0m
[ 89%] [32mBuilding C object CMakeFiles/teleop_bridge_msgs__rosidl_generator_py.dir/rosidl_generator_py/teleop_bridge_msgs/msg/_warning_status_s.c.o[0m
[ 90%] [32mBuilding C object CMakeFiles/teleop_bridge_msgs__rosidl_generator_py.dir/rosidl_generator_py/teleop_bridge_msgs/msg/_driver_input_s.c.o[0m
[ 91%] [32mBuilding C object CMakeFiles/teleop_bridge_msgs__rosidl_generator_py.dir/rosidl_generator_py/teleop_bridge_msgs/msg/_control_command_s.c.o[0m
[ 92%] [32m[1mLinking C shared library libteleop_bridge_msgs__rosidl_generator_py.so[0m
[ 92%] Built target teleop_bridge_msgs__rosidl_generator_py
[ 94%] [32mBuilding C object CMakeFiles/teleop_bridge_msgs_s__rosidl_typesupport_fastrtps_c.dir/rosidl_generator_py/teleop_bridge_msgs/_teleop_bridge_msgs_s.ep.rosidl_typesupport_fastrtps_c.c.o[0m
[ 95%] [32mBuilding C object CMakeFiles/teleop_bridge_msgs_s__rosidl_typesupport_introspection_c.dir/rosidl_generator_py/teleop_bridge_msgs/_teleop_bridge_msgs_s.ep.rosidl_typesupport_introspection_c.c.o[0m
[ 96%] [32mBuilding C object CMakeFiles/teleop_bridge_msgs_s__rosidl_typesupport_c.dir/rosidl_generator_py/teleop_bridge_msgs/_teleop_bridge_msgs_s.ep.rosidl_typesupport_c.c.o[0m
[100%] [32m[1mLinking C shared module rosidl_generator_py/teleop_bridge_msgs/teleop_bridge_msgs_s__rosidl_typesupport_c.so[0m
[100%] [32m[1mLinking C shared module rosidl_generator_py/teleop_bridge_msgs/teleop_bridge_msgs_s__rosidl_typesupport_fastrtps_c.so[0m
[100%] [32m[1mLinking C shared module rosidl_generator_py/teleop_bridge_msgs/teleop_bridge_msgs_s__rosidl_typesupport_introspection_c.so[0m
[100%] Built target teleop_bridge_msgs_s__rosidl_typesupport_fastrtps_c
[100%] Built target teleop_bridge_msgs_s__rosidl_typesupport_c
[100%] Built target teleop_bridge_msgs_s__rosidl_typesupport_introspection_c
-- Install configuration: ""
-- Installing: /home/kyle/Documents/ros2_bridge/install/teleop_bridge_msgs/share/ament_index/resource_index/rosidl_interfaces/teleop_bridge_msgs
-- Installing: /home/kyle/Documents/ros2_bridge/install/teleop_bridge_msgs/share/teleop_bridge_msgs/msg/DriverInput.json
-- Installing: /home/kyle/Documents/ros2_bridge/install/teleop_bridge_msgs/share/teleop_bridge_msgs/msg/EgoState.json
-- Installing: /home/kyle/Documents/ros2_bridge/install/teleop_bridge_msgs/share/teleop_bridge_msgs/msg/TrackedVehicle.json
-- Installing: /home/kyle/Documents/ros2_bridge/install/teleop_bridge_msgs/share/teleop_bridge_msgs/msg/TrackedVehicleArray.json
-- Installing: /home/kyle/Documents/ros2_bridge/install/teleop_bridge_msgs/share/teleop_bridge_msgs/msg/ControlCommand.json
-- Installing: /home/kyle/Documents/ros2_bridge/install/teleop_bridge_msgs/share/teleop_bridge_msgs/msg/WarningStatus.json
-- Installing: /home/kyle/Documents/ros2_bridge/install/teleop_bridge_msgs/include/teleop_bridge_msgs/teleop_bridge_msgs
-- Installing: /home/kyle/Documents/ros2_bridge/install/teleop_bridge_msgs/include/teleop_bridge_msgs/teleop_bridge_msgs/msg
-- Installing: /home/kyle/Documents/ros2_bridge/install/teleop_bridge_msgs/include/teleop_bridge_msgs/teleop_bridge_msgs/msg/ego_state.h
-- Installing: /home/kyle/Documents/ros2_bridge/install/teleop_bridge_msgs/include/teleop_bridge_msgs/teleop_bridge_msgs/msg/detail
-- Installing: /home/kyle/Documents/ros2_bridge/install/teleop_bridge_msgs/include/teleop_bridge_msgs/teleop_bridge_msgs/msg/detail/driver_input__type_support.h
-- Installing: /home/kyle/Documents/ros2_bridge/install/teleop_bridge_msgs/include/teleop_bridge_msgs/teleop_bridge_msgs/msg/detail/tracked_vehicle_array__type_support.h
-- Installing: /home/kyle/Documents/ros2_bridge/install/teleop_bridge_msgs/include/teleop_bridge_msgs/teleop_bridge_msgs/msg/detail/control_command__functions.h
-- Installing: /home/kyle/Documents/ros2_bridge/install/teleop_bridge_msgs/include/teleop_bridge_msgs/teleop_bridge_msgs/msg/detail/tracked_vehicle__functions.c
-- Installing: /home/kyle/Documents/ros2_bridge/install/teleop_bridge_msgs/include/teleop_bridge_msgs/teleop_bridge_msgs/msg/detail/tracked_vehicle__type_support.c
-- Installing: /home/kyle/Documents/ros2_bridge/install/teleop_bridge_msgs/include/teleop_bridge_msgs/teleop_bridge_msgs/msg/detail/tracked_vehicle_array__description.c
-- Installing: /home/kyle/Documents/ros2_bridge/install/teleop_bridge_msgs/include/teleop_bridge_msgs/teleop_bridge_msgs/msg/detail/tracked_vehicle_array__functions.c
-- Installing: /home/kyle/Documents/ros2_bridge/install/teleop_bridge_msgs/include/teleop_bridge_msgs/teleop_bridge_msgs/msg/detail/control_command__description.c
-- Installing: /home/kyle/Documents/ros2_bridge/install/teleop_bridge_msgs/include/teleop_bridge_msgs/teleop_bridge_msgs/msg/detail/warning_status__description.c
-- Installing: /home/kyle/Documents/ros2_bridge/install/teleop_bridge_msgs/include/teleop_bridge_msgs/teleop_bridge_msgs/msg/detail/tracked_vehicle__type_support.h
-- Installing: /home/kyle/Documents/ros2_bridge/install/teleop_bridge_msgs/include/teleop_bridge_msgs/teleop_bridge_msgs/msg/detail/driver_input__description.c
-- Installing: /home/kyle/Documents/ros2_bridge/install/teleop_bridge_msgs/include/teleop_bridge_msgs/teleop_bridge_msgs/msg/detail/control_command__functions.c
-- Installing: /home/kyle/Documents/ros2_bridge/install/teleop_bridge_msgs/include/teleop_bridge_msgs/teleop_bridge_msgs/msg/detail/driver_input__functions.h
-- Installing: /home/kyle/Documents/ros2_bridge/install/teleop_bridge_msgs/include/teleop_bridge_msgs/teleop_bridge_msgs/msg/detail/tracked_vehicle_array__functions.h
-- Installing: /home/kyle/Documents/ros2_bridge/install/teleop_bridge_msgs/include/teleop_bridge_msgs/teleop_bridge_msgs/msg/detail/warning_status__type_support.h
-- Installing: /home/kyle/Documents/ros2_bridge/install/teleop_bridge_msgs/include/teleop_bridge_msgs/teleop_bridge_msgs/msg/detail/ego_state__struct.h
-- Installing: /home/kyle/Documents/ros2_bridge/install/teleop_bridge_msgs/include/teleop_bridge_msgs/teleop_bridge_msgs/msg/detail/warning_status__type_support.c
-- Installing: /home/kyle/Documents/ros2_bridge/install/teleop_bridge_msgs/include/teleop_bridge_msgs/teleop_bridge_msgs/msg/detail/control_command__struct.h
-- Installing: /home/kyle/Documents/ros2_bridge/install/teleop_bridge_msgs/include/teleop_bridge_msgs/teleop_bridge_msgs/msg/detail/ego_state__type_support.h
-- Installing: /home/kyle/Documents/ros2_bridge/install/teleop_bridge_msgs/include/teleop_bridge_msgs/teleop_bridge_msgs/msg/detail/tracked_vehicle__description.c
-- Installing: /home/kyle/Documents/ros2_bridge/install/teleop_bridge_msgs/include/teleop_bridge_msgs/teleop_bridge_msgs/msg/detail/ego_state__type_support.c
-- Installing: /home/kyle/Documents/ros2_bridge/install/teleop_bridge_msgs/include/teleop_bridge_msgs/teleop_bridge_msgs/msg/detail/tracked_vehicle_array__struct.h
-- Installing: /home/kyle/Documents/ros2_bridge/install/teleop_bridge_msgs/include/teleop_bridge_msgs/teleop_bridge_msgs/msg/detail/ego_state__functions.c
-- Installing: /home/kyle/Documents/ros2_bridge/install/teleop_bridge_msgs/include/teleop_bridge_msgs/teleop_bridge_msgs/msg/detail/warning_status__functions.h
-- Installing: /home/kyle/Documents/ros2_bridge/install/teleop_bridge_msgs/include/teleop_bridge_msgs/teleop_bridge_msgs/msg/detail/ego_state__description.c
-- Installing: /home/kyle/Documents/ros2_bridge/install/teleop_bridge_msgs/include/teleop_bridge_msgs/teleop_bridge_msgs/msg/detail/ego_state__functions.h
-- Installing: /home/kyle/Documents/ros2_bridge/install/teleop_bridge_msgs/include/teleop_bridge_msgs/teleop_bridge_msgs/msg/detail/control_command__type_support.c
-- Installing: /home/kyle/Documents/ros2_bridge/install/teleop_bridge_msgs/include/teleop_bridge_msgs/teleop_bridge_msgs/msg/detail/warning_status__struct.h
-- Installing: /home/kyle/Documents/ros2_bridge/install/teleop_bridge_msgs/include/teleop_bridge_msgs/teleop_bridge_msgs/msg/detail/driver_input__type_support.c
-- Installing: /home/kyle/Documents/ros2_bridge/install/teleop_bridge_msgs/include/teleop_bridge_msgs/teleop_bridge_msgs/msg/detail/tracked_vehicle__struct.h
-- Installing: /home/kyle/Documents/ros2_bridge/install/teleop_bridge_msgs/include/teleop_bridge_msgs/teleop_bridge_msgs/msg/detail/driver_input__struct.h
-- Installing: /home/kyle/Documents/ros2_bridge/install/teleop_bridge_msgs/include/teleop_bridge_msgs/teleop_bridge_msgs/msg/detail/tracked_vehicle_array__type_support.c
-- Installing: /home/kyle/Documents/ros2_bridge/install/teleop_bridge_msgs/include/teleop_bridge_msgs/teleop_bridge_msgs/msg/detail/warning_status__functions.c
-- Installing: /home/kyle/Documents/ros2_bridge/install/teleop_bridge_msgs/include/teleop_bridge_msgs/teleop_bridge_msgs/msg/detail/control_command__type_support.h
-- Installing: /home/kyle/Documents/ros2_bridge/install/teleop_bridge_msgs/include/teleop_bridge_msgs/teleop_bridge_msgs/msg/detail/driver_input__functions.c
-- Installing: /home/kyle/Documents/ros2_bridge/install/teleop_bridge_msgs/include/teleop_bridge_msgs/teleop_bridge_msgs/msg/detail/tracked_vehicle__functions.h
-- Installing: /home/kyle/Documents/ros2_bridge/install/teleop_bridge_msgs/include/teleop_bridge_msgs/teleop_bridge_msgs/msg/tracked_vehicle_array.h
-- Installing: /home/kyle/Documents/ros2_bridge/install/teleop_bridge_msgs/include/teleop_bridge_msgs/teleop_bridge_msgs/msg/driver_input.h
-- Installing: /home/kyle/Documents/ros2_bridge/install/teleop_bridge_msgs/include/teleop_bridge_msgs/teleop_bridge_msgs/msg/warning_status.h
-- Installing: /home/kyle/Documents/ros2_bridge/install/teleop_bridge_msgs/include/teleop_bridge_msgs/teleop_bridge_msgs/msg/tracked_vehicle.h
-- Installing: /home/kyle/Documents/ros2_bridge/install/teleop_bridge_msgs/include/teleop_bridge_msgs/teleop_bridge_msgs/msg/rosidl_generator_c__visibility_control.h
-- Installing: /home/kyle/Documents/ros2_bridge/install/teleop_bridge_msgs/include/teleop_bridge_msgs/teleop_bridge_msgs/msg/control_command.h
-- Installing: /home/kyle/Documents/ros2_bridge/install/teleop_bridge_msgs/share/teleop_bridge_msgs/environment/library_path.sh
-- Installing: /home/kyle/Documents/ros2_bridge/install/teleop_bridge_msgs/share/teleop_bridge_msgs/environment/library_path.dsv
-- Installing: /home/kyle/Documents/ros2_bridge/install/teleop_bridge_msgs/lib/libteleop_bridge_msgs__rosidl_generator_c.so
-- Set non-toolchain portion of runtime path of "/home/kyle/Documents/ros2_bridge/install/teleop_bridge_msgs/lib/libteleop_bridge_msgs__rosidl_generator_c.so" to ""
-- Up-to-date: /home/kyle/Documents/ros2_bridge/install/teleop_bridge_msgs/include/teleop_bridge_msgs/teleop_bridge_msgs
-- Up-to-date: /home/kyle/Documents/ros2_bridge/install/teleop_bridge_msgs/include/teleop_bridge_msgs/teleop_bridge_msgs/msg
-- Up-to-date: /home/kyle/Documents/ros2_bridge/install/teleop_bridge_msgs/include/teleop_bridge_msgs/teleop_bridge_msgs/msg/detail
-- Installing: /home/kyle/Documents/ros2_bridge/install/teleop_bridge_msgs/include/teleop_bridge_msgs/teleop_bridge_msgs/msg/detail/ego_state__rosidl_typesupport_fastrtps_c.h
-- Installing: /home/kyle/Documents/ros2_bridge/install/teleop_bridge_msgs/include/teleop_bridge_msgs/teleop_bridge_msgs/msg/detail/tracked_vehicle__rosidl_typesupport_fastrtps_c.h
-- Installing: /home/kyle/Documents/ros2_bridge/install/teleop_bridge_msgs/include/teleop_bridge_msgs/teleop_bridge_msgs/msg/detail/warning_status__rosidl_typesupport_fastrtps_c.h
-- Installing: /home/kyle/Documents/ros2_bridge/install/teleop_bridge_msgs/include/teleop_bridge_msgs/teleop_bridge_msgs/msg/detail/tracked_vehicle_array__rosidl_typesupport_fastrtps_c.h
-- Installing: /home/kyle/Documents/ros2_bridge/install/teleop_bridge_msgs/include/teleop_bridge_msgs/teleop_bridge_msgs/msg/detail/driver_input__rosidl_typesupport_fastrtps_c.h
-- Installing: /home/kyle/Documents/ros2_bridge/install/teleop_bridge_msgs/include/teleop_bridge_msgs/teleop_bridge_msgs/msg/detail/control_command__rosidl_typesupport_fastrtps_c.h
-- Installing: /home/kyle/Documents/ros2_bridge/install/teleop_bridge_msgs/include/teleop_bridge_msgs/teleop_bridge_msgs/msg/rosidl_typesupport_fastrtps_c__visibility_control.h
-- Installing: /home/kyle/Documents/ros2_bridge/install/teleop_bridge_msgs/lib/libteleop_bridge_msgs__rosidl_typesupport_fastrtps_c.so
-- Set non-toolchain portion of runtime path of "/home/kyle/Documents/ros2_bridge/install/teleop_bridge_msgs/lib/libteleop_bridge_msgs__rosidl_typesupport_fastrtps_c.so" to ""
-- Up-to-date: /home/kyle/Documents/ros2_bridge/install/teleop_bridge_msgs/include/teleop_bridge_msgs/teleop_bridge_msgs
-- Up-to-date: /home/kyle/Documents/ros2_bridge/install/teleop_bridge_msgs/include/teleop_bridge_msgs/teleop_bridge_msgs/msg
-- Up-to-date: /home/kyle/Documents/ros2_bridge/install/teleop_bridge_msgs/include/teleop_bridge_msgs/teleop_bridge_msgs/msg/detail
-- Installing: /home/kyle/Documents/ros2_bridge/install/teleop_bridge_msgs/include/teleop_bridge_msgs/teleop_bridge_msgs/msg/detail/control_command__rosidl_typesupport_introspection_c.h
-- Up-to-date: /home/kyle/Documents/ros2_bridge/install/teleop_bridge_msgs/include/teleop_bridge_msgs/teleop_bridge_msgs/msg/detail/tracked_vehicle__type_support.c
-- Installing: /home/kyle/Documents/ros2_bridge/install/teleop_bridge_msgs/include/teleop_bridge_msgs/teleop_bridge_msgs/msg/detail/driver_input__rosidl_typesupport_introspection_c.h
-- Installing: /home/kyle/Documents/ros2_bridge/install/teleop_bridge_msgs/include/teleop_bridge_msgs/teleop_bridge_msgs/msg/detail/ego_state__rosidl_typesupport_introspection_c.h
-- Up-to-date: /home/kyle/Documents/ros2_bridge/install/teleop_bridge_msgs/include/teleop_bridge_msgs/teleop_bridge_msgs/msg/detail/warning_status__type_support.c
-- Up-to-date: /home/kyle/Documents/ros2_bridge/install/teleop_bridge_msgs/include/teleop_bridge_msgs/teleop_bridge_msgs/msg/detail/ego_state__type_support.c
-- Up-to-date: /home/kyle/Documents/ros2_bridge/install/teleop_bridge_msgs/include/teleop_bridge_msgs/teleop_bridge_msgs/msg/detail/control_command__type_support.c
-- Installing: /home/kyle/Documents/ros2_bridge/install/teleop_bridge_msgs/include/teleop_bridge_msgs/teleop_bridge_msgs/msg/detail/warning_status__rosidl_typesupport_introspection_c.h
-- Up-to-date: /home/kyle/Documents/ros2_bridge/install/teleop_bridge_msgs/include/teleop_bridge_msgs/teleop_bridge_msgs/msg/detail/driver_input__type_support.c
-- Installing: /home/kyle/Documents/ros2_bridge/install/teleop_bridge_msgs/include/teleop_bridge_msgs/teleop_bridge_msgs/msg/detail/tracked_vehicle__rosidl_typesupport_introspection_c.h
-- Up-to-date: /home/kyle/Documents/ros2_bridge/install/teleop_bridge_msgs/include/teleop_bridge_msgs/teleop_bridge_msgs/msg/detail/tracked_vehicle_array__type_support.c
-- Installing: /home/kyle/Documents/ros2_bridge/install/teleop_bridge_msgs/include/teleop_bridge_msgs/teleop_bridge_msgs/msg/detail/tracked_vehicle_array__rosidl_typesupport_introspection_c.h
-- Installing: /home/kyle/Documents/ros2_bridge/install/teleop_bridge_msgs/include/teleop_bridge_msgs/teleop_bridge_msgs/msg/rosidl_typesupport_introspection_c__visibility_control.h
-- Installing: /home/kyle/Documents/ros2_bridge/install/teleop_bridge_msgs/lib/libteleop_bridge_msgs__rosidl_typesupport_introspection_c.so
-- Set non-toolchain portion of runtime path of "/home/kyle/Documents/ros2_bridge/install/teleop_bridge_msgs/lib/libteleop_bridge_msgs__rosidl_typesupport_introspection_c.so" to ""
-- Installing: /home/kyle/Documents/ros2_bridge/install/teleop_bridge_msgs/lib/libteleop_bridge_msgs__rosidl_typesupport_c.so
-- Set non-toolchain portion of runtime path of "/home/kyle/Documents/ros2_bridge/install/teleop_bridge_msgs/lib/libteleop_bridge_msgs__rosidl_typesupport_c.so" to ""
-- Up-to-date: /home/kyle/Documents/ros2_bridge/install/teleop_bridge_msgs/include/teleop_bridge_msgs/teleop_bridge_msgs
-- Up-to-date: /home/kyle/Documents/ros2_bridge/install/teleop_bridge_msgs/include/teleop_bridge_msgs/teleop_bridge_msgs/msg
-- Installing: /home/kyle/Documents/ros2_bridge/install/teleop_bridge_msgs/include/teleop_bridge_msgs/teleop_bridge_msgs/msg/warning_status.hpp
-- Installing: /home/kyle/Documents/ros2_bridge/install/teleop_bridge_msgs/include/teleop_bridge_msgs/teleop_bridge_msgs/msg/tracked_vehicle_array.hpp
-- Up-to-date: /home/kyle/Documents/ros2_bridge/install/teleop_bridge_msgs/include/teleop_bridge_msgs/teleop_bridge_msgs/msg/detail
-- Installing: /home/kyle/Documents/ros2_bridge/install/teleop_bridge_msgs/include/teleop_bridge_msgs/teleop_bridge_msgs/msg/detail/control_command__builder.hpp
-- Installing: /home/kyle/Documents/ros2_bridge/install/teleop_bridge_msgs/include/teleop_bridge_msgs/teleop_bridge_msgs/msg/detail/tracked_vehicle__traits.hpp
-- Installing: /home/kyle/Documents/ros2_bridge/install/teleop_bridge_msgs/include/teleop_bridge_msgs/teleop_bridge_msgs/msg/detail/tracked_vehicle__type_support.hpp
-- Installing: /home/kyle/Documents/ros2_bridge/install/teleop_bridge_msgs/include/teleop_bridge_msgs/teleop_bridge_msgs/msg/detail/ego_state__type_support.hpp
-- Installing: /home/kyle/Documents/ros2_bridge/install/teleop_bridge_msgs/include/teleop_bridge_msgs/teleop_bridge_msgs/msg/detail/driver_input__type_support.hpp
-- Installing: /home/kyle/Documents/ros2_bridge/install/teleop_bridge_msgs/include/teleop_bridge_msgs/teleop_bridge_msgs/msg/detail/ego_state__builder.hpp
-- Installing: /home/kyle/Documents/ros2_bridge/install/teleop_bridge_msgs/include/teleop_bridge_msgs/teleop_bridge_msgs/msg/detail/ego_state__struct.hpp
-- Installing: /home/kyle/Documents/ros2_bridge/install/teleop_bridge_msgs/include/teleop_bridge_msgs/teleop_bridge_msgs/msg/detail/ego_state__traits.hpp
-- Installing: /home/kyle/Documents/ros2_bridge/install/teleop_bridge_msgs/include/teleop_bridge_msgs/teleop_bridge_msgs/msg/detail/driver_input__builder.hpp
-- Installing: /home/kyle/Documents/ros2_bridge/install/teleop_bridge_msgs/include/teleop_bridge_msgs/teleop_bridge_msgs/msg/detail/tracked_vehicle__struct.hpp
-- Installing: /home/kyle/Documents/ros2_bridge/install/teleop_bridge_msgs/include/teleop_bridge_msgs/teleop_bridge_msgs/msg/detail/control_command__struct.hpp
-- Installing: /home/kyle/Documents/ros2_bridge/install/teleop_bridge_msgs/include/teleop_bridge_msgs/teleop_bridge_msgs/msg/detail/warning_status__builder.hpp
-- Installing: /home/kyle/Documents/ros2_bridge/install/teleop_bridge_msgs/include/teleop_bridge_msgs/teleop_bridge_msgs/msg/detail/driver_input__struct.hpp
-- Installing: /home/kyle/Documents/ros2_bridge/install/teleop_bridge_msgs/include/teleop_bridge_msgs/teleop_bridge_msgs/msg/detail/control_command__traits.hpp
-- Installing: /home/kyle/Documents/ros2_bridge/install/teleop_bridge_msgs/include/teleop_bridge_msgs/teleop_bridge_msgs/msg/detail/tracked_vehicle_array__type_support.hpp
-- Installing: /home/kyle/Documents/ros2_bridge/install/teleop_bridge_msgs/include/teleop_bridge_msgs/teleop_bridge_msgs/msg/detail/warning_status__struct.hpp
-- Installing: /home/kyle/Documents/ros2_bridge/install/teleop_bridge_msgs/include/teleop_bridge_msgs/teleop_bridge_msgs/msg/detail/tracked_vehicle_array__builder.hpp
-- Installing: /home/kyle/Documents/ros2_bridge/install/teleop_bridge_msgs/include/teleop_bridge_msgs/teleop_bridge_msgs/msg/detail/warning_status__type_support.hpp
-- Installing: /home/kyle/Documents/ros2_bridge/install/teleop_bridge_msgs/include/teleop_bridge_msgs/teleop_bridge_msgs/msg/detail/driver_input__traits.hpp
-- Installing: /home/kyle/Documents/ros2_bridge/install/teleop_bridge_msgs/include/teleop_bridge_msgs/teleop_bridge_msgs/msg/detail/tracked_vehicle__builder.hpp
-- Installing: /home/kyle/Documents/ros2_bridge/install/teleop_bridge_msgs/include/teleop_bridge_msgs/teleop_bridge_msgs/msg/detail/tracked_vehicle_array__struct.hpp
-- Installing: /home/kyle/Documents/ros2_bridge/install/teleop_bridge_msgs/include/teleop_bridge_msgs/teleop_bridge_msgs/msg/detail/tracked_vehicle_array__traits.hpp
-- Installing: /home/kyle/Documents/ros2_bridge/install/teleop_bridge_msgs/include/teleop_bridge_msgs/teleop_bridge_msgs/msg/detail/warning_status__traits.hpp
-- Installing: /home/kyle/Documents/ros2_bridge/install/teleop_bridge_msgs/include/teleop_bridge_msgs/teleop_bridge_msgs/msg/detail/control_command__type_support.hpp
-- Installing: /home/kyle/Documents/ros2_bridge/install/teleop_bridge_msgs/include/teleop_bridge_msgs/teleop_bridge_msgs/msg/ego_state.hpp
-- Installing: /home/kyle/Documents/ros2_bridge/install/teleop_bridge_msgs/include/teleop_bridge_msgs/teleop_bridge_msgs/msg/tracked_vehicle.hpp
-- Installing: /home/kyle/Documents/ros2_bridge/install/teleop_bridge_msgs/include/teleop_bridge_msgs/teleop_bridge_msgs/msg/rosidl_generator_cpp__visibility_control.hpp
-- Installing: /home/kyle/Documents/ros2_bridge/install/teleop_bridge_msgs/include/teleop_bridge_msgs/teleop_bridge_msgs/msg/control_command.hpp
-- Installing: /home/kyle/Documents/ros2_bridge/install/teleop_bridge_msgs/include/teleop_bridge_msgs/teleop_bridge_msgs/msg/driver_input.hpp
-- Up-to-date: /home/kyle/Documents/ros2_bridge/install/teleop_bridge_msgs/include/teleop_bridge_msgs/teleop_bridge_msgs
-- Up-to-date: /home/kyle/Documents/ros2_bridge/install/teleop_bridge_msgs/include/teleop_bridge_msgs/teleop_bridge_msgs/msg
-- Installing: /home/kyle/Documents/ros2_bridge/install/teleop_bridge_msgs/include/teleop_bridge_msgs/teleop_bridge_msgs/msg/rosidl_typesupport_fastrtps_cpp__visibility_control.h
-- Up-to-date: /home/kyle/Documents/ros2_bridge/install/teleop_bridge_msgs/include/teleop_bridge_msgs/teleop_bridge_msgs/msg/detail
-- Installing: /home/kyle/Documents/ros2_bridge/install/teleop_bridge_msgs/include/teleop_bridge_msgs/teleop_bridge_msgs/msg/detail/control_command__rosidl_typesupport_fastrtps_cpp.hpp
-- Installing: /home/kyle/Documents/ros2_bridge/install/teleop_bridge_msgs/include/teleop_bridge_msgs/teleop_bridge_msgs/msg/detail/tracked_vehicle_array__rosidl_typesupport_fastrtps_cpp.hpp
-- Installing: /home/kyle/Documents/ros2_bridge/install/teleop_bridge_msgs/include/teleop_bridge_msgs/teleop_bridge_msgs/msg/detail/warning_status__rosidl_typesupport_fastrtps_cpp.hpp
-- Installing: /home/kyle/Documents/ros2_bridge/install/teleop_bridge_msgs/include/teleop_bridge_msgs/teleop_bridge_msgs/msg/detail/tracked_vehicle__rosidl_typesupport_fastrtps_cpp.hpp
-- Installing: /home/kyle/Documents/ros2_bridge/install/teleop_bridge_msgs/include/teleop_bridge_msgs/teleop_bridge_msgs/msg/detail/driver_input__rosidl_typesupport_fastrtps_cpp.hpp
-- Installing: /home/kyle/Documents/ros2_bridge/install/teleop_bridge_msgs/include/teleop_bridge_msgs/teleop_bridge_msgs/msg/detail/dds_fastrtps
-- Installing: /home/kyle/Documents/ros2_bridge/install/teleop_bridge_msgs/include/teleop_bridge_msgs/teleop_bridge_msgs/msg/detail/ego_state__rosidl_typesupport_fastrtps_cpp.hpp
-- Installing: /home/kyle/Documents/ros2_bridge/install/teleop_bridge_msgs/lib/libteleop_bridge_msgs__rosidl_typesupport_fastrtps_cpp.so
-- Set non-toolchain portion of runtime path of "/home/kyle/Documents/ros2_bridge/install/teleop_bridge_msgs/lib/libteleop_bridge_msgs__rosidl_typesupport_fastrtps_cpp.so" to ""
-- Up-to-date: /home/kyle/Documents/ros2_bridge/install/teleop_bridge_msgs/include/teleop_bridge_msgs/teleop_bridge_msgs
-- Up-to-date: /home/kyle/Documents/ros2_bridge/install/teleop_bridge_msgs/include/teleop_bridge_msgs/teleop_bridge_msgs/msg
-- Up-to-date: /home/kyle/Documents/ros2_bridge/install/teleop_bridge_msgs/include/teleop_bridge_msgs/teleop_bridge_msgs/msg/detail
-- Installing: /home/kyle/Documents/ros2_bridge/install/teleop_bridge_msgs/include/teleop_bridge_msgs/teleop_bridge_msgs/msg/detail/driver_input__type_support.cpp
-- Installing: /home/kyle/Documents/ros2_bridge/install/teleop_bridge_msgs/include/teleop_bridge_msgs/teleop_bridge_msgs/msg/detail/driver_input__rosidl_typesupport_introspection_cpp.hpp
-- Installing: /home/kyle/Documents/ros2_bridge/install/teleop_bridge_msgs/include/teleop_bridge_msgs/teleop_bridge_msgs/msg/detail/control_command__type_support.cpp
-- Installing: /home/kyle/Documents/ros2_bridge/install/teleop_bridge_msgs/include/teleop_bridge_msgs/teleop_bridge_msgs/msg/detail/control_command__rosidl_typesupport_introspection_cpp.hpp
-- Installing: /home/kyle/Documents/ros2_bridge/install/teleop_bridge_msgs/include/teleop_bridge_msgs/teleop_bridge_msgs/msg/detail/tracked_vehicle_array__type_support.cpp
-- Installing: /home/kyle/Documents/ros2_bridge/install/teleop_bridge_msgs/include/teleop_bridge_msgs/teleop_bridge_msgs/msg/detail/ego_state__type_support.cpp
-- Installing: /home/kyle/Documents/ros2_bridge/install/teleop_bridge_msgs/include/teleop_bridge_msgs/teleop_bridge_msgs/msg/detail/tracked_vehicle_array__rosidl_typesupport_introspection_cpp.hpp
-- Installing: /home/kyle/Documents/ros2_bridge/install/teleop_bridge_msgs/include/teleop_bridge_msgs/teleop_bridge_msgs/msg/detail/ego_state__rosidl_typesupport_introspection_cpp.hpp
-- Installing: /home/kyle/Documents/ros2_bridge/install/teleop_bridge_msgs/include/teleop_bridge_msgs/teleop_bridge_msgs/msg/detail/warning_status__type_support.cpp
-- Installing: /home/kyle/Documents/ros2_bridge/install/teleop_bridge_msgs/include/teleop_bridge_msgs/teleop_bridge_msgs/msg/detail/tracked_vehicle__rosidl_typesupport_introspection_cpp.hpp
-- Installing: /home/kyle/Documents/ros2_bridge/install/teleop_bridge_msgs/include/teleop_bridge_msgs/teleop_bridge_msgs/msg/detail/warning_status__rosidl_typesupport_introspection_cpp.hpp
-- Installing: /home/kyle/Documents/ros2_bridge/install/teleop_bridge_msgs/include/teleop_bridge_msgs/teleop_bridge_msgs/msg/detail/tracked_vehicle__type_support.cpp
-- Installing: /home/kyle/Documents/ros2_bridge/install/teleop_bridge_msgs/lib/libteleop_bridge_msgs__rosidl_typesupport_introspection_cpp.so
-- Set non-toolchain portion of runtime path of "/home/kyle/Documents/ros2_bridge/install/teleop_bridge_msgs/lib/libteleop_bridge_msgs__rosidl_typesupport_introspection_cpp.so" to ""
-- Installing: /home/kyle/Documents/ros2_bridge/install/teleop_bridge_msgs/lib/libteleop_bridge_msgs__rosidl_typesupport_cpp.so
-- Set non-toolchain portion of runtime path of "/home/kyle/Documents/ros2_bridge/install/teleop_bridge_msgs/lib/libteleop_bridge_msgs__rosidl_typesupport_cpp.so" to ""
-- Installing: /home/kyle/Documents/ros2_bridge/install/teleop_bridge_msgs/share/teleop_bridge_msgs/environment/pythonpath.sh
-- Installing: /home/kyle/Documents/ros2_bridge/install/teleop_bridge_msgs/share/teleop_bridge_msgs/environment/pythonpath.dsv
-- Installing: /home/kyle/Documents/ros2_bridge/install/teleop_bridge_msgs/lib/python3.12/site-packages/teleop_bridge_msgs-0.1.0-py3.12.egg-info
-- Installing: /home/kyle/Documents/ros2_bridge/install/teleop_bridge_msgs/lib/python3.12/site-packages/teleop_bridge_msgs-0.1.0-py3.12.egg-info/SOURCES.txt
-- Installing: /home/kyle/Documents/ros2_bridge/install/teleop_bridge_msgs/lib/python3.12/site-packages/teleop_bridge_msgs-0.1.0-py3.12.egg-info/dependency_links.txt
-- Installing: /home/kyle/Documents/ros2_bridge/install/teleop_bridge_msgs/lib/python3.12/site-packages/teleop_bridge_msgs-0.1.0-py3.12.egg-info/PKG-INFO
-- Installing: /home/kyle/Documents/ros2_bridge/install/teleop_bridge_msgs/lib/python3.12/site-packages/teleop_bridge_msgs-0.1.0-py3.12.egg-info/top_level.txt
-- Installing: /home/kyle/Documents/ros2_bridge/install/teleop_bridge_msgs/lib/python3.12/site-packages/teleop_bridge_msgs
-- Installing: /home/kyle/Documents/ros2_bridge/install/teleop_bridge_msgs/lib/python3.12/site-packages/teleop_bridge_msgs/teleop_bridge_msgs_s__rosidl_typesupport_fastrtps_c.so
-- Installing: /home/kyle/Documents/ros2_bridge/install/teleop_bridge_msgs/lib/python3.12/site-packages/teleop_bridge_msgs/msg
-- Installing: /home/kyle/Documents/ros2_bridge/install/teleop_bridge_msgs/lib/python3.12/site-packages/teleop_bridge_msgs/msg/_tracked_vehicle_array.py
-- Installing: /home/kyle/Documents/ros2_bridge/install/teleop_bridge_msgs/lib/python3.12/site-packages/teleop_bridge_msgs/msg/_warning_status_s.c
-- Installing: /home/kyle/Documents/ros2_bridge/install/teleop_bridge_msgs/lib/python3.12/site-packages/teleop_bridge_msgs/msg/_control_command_s.c
-- Installing: /home/kyle/Documents/ros2_bridge/install/teleop_bridge_msgs/lib/python3.12/site-packages/teleop_bridge_msgs/msg/_driver_input_s.c
-- Installing: /home/kyle/Documents/ros2_bridge/install/teleop_bridge_msgs/lib/python3.12/site-packages/teleop_bridge_msgs/msg/_tracked_vehicle_s.c
-- Installing: /home/kyle/Documents/ros2_bridge/install/teleop_bridge_msgs/lib/python3.12/site-packages/teleop_bridge_msgs/msg/__init__.py
-- Installing: /home/kyle/Documents/ros2_bridge/install/teleop_bridge_msgs/lib/python3.12/site-packages/teleop_bridge_msgs/msg/_tracked_vehicle.py
-- Installing: /home/kyle/Documents/ros2_bridge/install/teleop_bridge_msgs/lib/python3.12/site-packages/teleop_bridge_msgs/msg/_tracked_vehicle_array_s.c
-- Installing: /home/kyle/Documents/ros2_bridge/install/teleop_bridge_msgs/lib/python3.12/site-packages/teleop_bridge_msgs/msg/_control_command.py
-- Installing: /home/kyle/Documents/ros2_bridge/install/teleop_bridge_msgs/lib/python3.12/site-packages/teleop_bridge_msgs/msg/_ego_state.py
-- Installing: /home/kyle/Documents/ros2_bridge/install/teleop_bridge_msgs/lib/python3.12/site-packages/teleop_bridge_msgs/msg/_ego_state_s.c
-- Installing: /home/kyle/Documents/ros2_bridge/install/teleop_bridge_msgs/lib/python3.12/site-packages/teleop_bridge_msgs/msg/_warning_status.py
-- Installing: /home/kyle/Documents/ros2_bridge/install/teleop_bridge_msgs/lib/python3.12/site-packages/teleop_bridge_msgs/msg/_driver_input.py
-- Installing: /home/kyle/Documents/ros2_bridge/install/teleop_bridge_msgs/lib/python3.12/site-packages/teleop_bridge_msgs/__init__.py
-- Installing: /home/kyle/Documents/ros2_bridge/install/teleop_bridge_msgs/lib/python3.12/site-packages/teleop_bridge_msgs/_teleop_bridge_msgs_s.ep.rosidl_typesupport_fastrtps_c.c
-- Installing: /home/kyle/Documents/ros2_bridge/install/teleop_bridge_msgs/lib/python3.12/site-packages/teleop_bridge_msgs/teleop_bridge_msgs_s__rosidl_typesupport_introspection_c.so
-- Installing: /home/kyle/Documents/ros2_bridge/install/teleop_bridge_msgs/lib/python3.12/site-packages/teleop_bridge_msgs/_teleop_bridge_msgs_s.ep.rosidl_typesupport_c.c
-- Installing: /home/kyle/Documents/ros2_bridge/install/teleop_bridge_msgs/lib/python3.12/site-packages/teleop_bridge_msgs/teleop_bridge_msgs_s__rosidl_typesupport_c.so
-- Installing: /home/kyle/Documents/ros2_bridge/install/teleop_bridge_msgs/lib/python3.12/site-packages/teleop_bridge_msgs/_teleop_bridge_msgs_s.ep.rosidl_typesupport_introspection_c.c
Listing '/home/kyle/Documents/ros2_bridge/install/teleop_bridge_msgs/lib/python3.12/site-packages/teleop_bridge_msgs'...
Compiling '/home/kyle/Documents/ros2_bridge/install/teleop_bridge_msgs/lib/python3.12/site-packages/teleop_bridge_msgs/__init__.py'...
Listing '/home/kyle/Documents/ros2_bridge/install/teleop_bridge_msgs/lib/python3.12/site-packages/teleop_bridge_msgs/msg'...
Compiling '/home/kyle/Documents/ros2_bridge/install/teleop_bridge_msgs/lib/python3.12/site-packages/teleop_bridge_msgs/msg/__init__.py'...
Compiling '/home/kyle/Documents/ros2_bridge/install/teleop_bridge_msgs/lib/python3.12/site-packages/teleop_bridge_msgs/msg/_control_command.py'...
Compiling '/home/kyle/Documents/ros2_bridge/install/teleop_bridge_msgs/lib/python3.12/site-packages/teleop_bridge_msgs/msg/_driver_input.py'...
Compiling '/home/kyle/Documents/ros2_bridge/install/teleop_bridge_msgs/lib/python3.12/site-packages/teleop_bridge_msgs/msg/_ego_state.py'...
Compiling '/home/kyle/Documents/ros2_bridge/install/teleop_bridge_msgs/lib/python3.12/site-packages/teleop_bridge_msgs/msg/_tracked_vehicle.py'...
Compiling '/home/kyle/Documents/ros2_bridge/install/teleop_bridge_msgs/lib/python3.12/site-packages/teleop_bridge_msgs/msg/_tracked_vehicle_array.py'...
Compiling '/home/kyle/Documents/ros2_bridge/install/teleop_bridge_msgs/lib/python3.12/site-packages/teleop_bridge_msgs/msg/_warning_status.py'...
-- Installing: /home/kyle/Documents/ros2_bridge/install/teleop_bridge_msgs/lib/python3.12/site-packages/teleop_bridge_msgs/teleop_bridge_msgs_s__rosidl_typesupport_fastrtps_c.so
-- Set non-toolchain portion of runtime path of "/home/kyle/Documents/ros2_bridge/install/teleop_bridge_msgs/lib/python3.12/site-packages/teleop_bridge_msgs/teleop_bridge_msgs_s__rosidl_typesupport_fastrtps_c.so" to ""
-- Installing: /home/kyle/Documents/ros2_bridge/install/teleop_bridge_msgs/lib/python3.12/site-packages/teleop_bridge_msgs/teleop_bridge_msgs_s__rosidl_typesupport_introspection_c.so
-- Set non-toolchain portion of runtime path of "/home/kyle/Documents/ros2_bridge/install/teleop_bridge_msgs/lib/python3.12/site-packages/teleop_bridge_msgs/teleop_bridge_msgs_s__rosidl_typesupport_introspection_c.so" to ""
-- Installing: /home/kyle/Documents/ros2_bridge/install/teleop_bridge_msgs/lib/python3.12/site-packages/teleop_bridge_msgs/teleop_bridge_msgs_s__rosidl_typesupport_c.so
-- Set non-toolchain portion of runtime path of "/home/kyle/Documents/ros2_bridge/install/teleop_bridge_msgs/lib/python3.12/site-packages/teleop_bridge_msgs/teleop_bridge_msgs_s__rosidl_typesupport_c.so" to ""
-- Installing: /home/kyle/Documents/ros2_bridge/install/teleop_bridge_msgs/lib/libteleop_bridge_msgs__rosidl_generator_py.so
-- Set non-toolchain portion of runtime path of "/home/kyle/Documents/ros2_bridge/install/teleop_bridge_msgs/lib/libteleop_bridge_msgs__rosidl_generator_py.so" to ""
-- Installing: /home/kyle/Documents/ros2_bridge/install/teleop_bridge_msgs/share/teleop_bridge_msgs/msg/DriverInput.idl
-- Installing: /home/kyle/Documents/ros2_bridge/install/teleop_bridge_msgs/share/teleop_bridge_msgs/msg/EgoState.idl
-- Installing: /home/kyle/Documents/ros2_bridge/install/teleop_bridge_msgs/share/teleop_bridge_msgs/msg/TrackedVehicle.idl
-- Installing: /home/kyle/Documents/ros2_bridge/install/teleop_bridge_msgs/share/teleop_bridge_msgs/msg/TrackedVehicleArray.idl
-- Installing: /home/kyle/Documents/ros2_bridge/install/teleop_bridge_msgs/share/teleop_bridge_msgs/msg/ControlCommand.idl
-- Installing: /home/kyle/Documents/ros2_bridge/install/teleop_bridge_msgs/share/teleop_bridge_msgs/msg/WarningStatus.idl
-- Installing: /home/kyle/Documents/ros2_bridge/install/teleop_bridge_msgs/share/teleop_bridge_msgs/msg/DriverInput.msg
-- Installing: /home/kyle/Documents/ros2_bridge/install/teleop_bridge_msgs/share/teleop_bridge_msgs/msg/EgoState.msg
-- Installing: /home/kyle/Documents/ros2_bridge/install/teleop_bridge_msgs/share/teleop_bridge_msgs/msg/TrackedVehicle.msg
-- Installing: /home/kyle/Documents/ros2_bridge/install/teleop_bridge_msgs/share/teleop_bridge_msgs/msg/TrackedVehicleArray.msg
-- Installing: /home/kyle/Documents/ros2_bridge/install/teleop_bridge_msgs/share/teleop_bridge_msgs/msg/ControlCommand.msg
-- Installing: /home/kyle/Documents/ros2_bridge/install/teleop_bridge_msgs/share/teleop_bridge_msgs/msg/WarningStatus.msg
-- Installing: /home/kyle/Documents/ros2_bridge/install/teleop_bridge_msgs/share/ament_index/resource_index/package_run_dependencies/teleop_bridge_msgs
-- Installing: /home/kyle/Documents/ros2_bridge/install/teleop_bridge_msgs/share/ament_index/resource_index/parent_prefix_path/teleop_bridge_msgs
-- Installing: /home/kyle/Documents/ros2_bridge/install/teleop_bridge_msgs/share/teleop_bridge_msgs/environment/ament_prefix_path.sh
-- Installing: /home/kyle/Documents/ros2_bridge/install/teleop_bridge_msgs/share/teleop_bridge_msgs/environment/ament_prefix_path.dsv
-- Installing: /home/kyle/Documents/ros2_bridge/install/teleop_bridge_msgs/share/teleop_bridge_msgs/environment/path.sh
-- Installing: /home/kyle/Documents/ros2_bridge/install/teleop_bridge_msgs/share/teleop_bridge_msgs/environment/path.dsv
-- Installing: /home/kyle/Documents/ros2_bridge/install/teleop_bridge_msgs/share/teleop_bridge_msgs/local_setup.bash
-- Installing: /home/kyle/Documents/ros2_bridge/install/teleop_bridge_msgs/share/teleop_bridge_msgs/local_setup.sh
-- Installing: /home/kyle/Documents/ros2_bridge/install/teleop_bridge_msgs/share/teleop_bridge_msgs/local_setup.zsh
-- Installing: /home/kyle/Documents/ros2_bridge/install/teleop_bridge_msgs/share/teleop_bridge_msgs/local_setup.dsv
-- Installing: /home/kyle/Documents/ros2_bridge/install/teleop_bridge_msgs/share/teleop_bridge_msgs/package.dsv
-- Installing: /home/kyle/Documents/ros2_bridge/install/teleop_bridge_msgs/share/ament_index/resource_index/packages/teleop_bridge_msgs
-- Installing: /home/kyle/Documents/ros2_bridge/install/teleop_bridge_msgs/share/teleop_bridge_msgs/cmake/export_teleop_bridge_msgs__rosidl_generator_cExport.cmake
-- Installing: /home/kyle/Documents/ros2_bridge/install/teleop_bridge_msgs/share/teleop_bridge_msgs/cmake/export_teleop_bridge_msgs__rosidl_generator_cExport-noconfig.cmake
-- Installing: /home/kyle/Documents/ros2_bridge/install/teleop_bridge_msgs/share/teleop_bridge_msgs/cmake/export_teleop_bridge_msgs__rosidl_typesupport_fastrtps_cExport.cmake
-- Installing: /home/kyle/Documents/ros2_bridge/install/teleop_bridge_msgs/share/teleop_bridge_msgs/cmake/export_teleop_bridge_msgs__rosidl_typesupport_fastrtps_cExport-noconfig.cmake
-- Installing: /home/kyle/Documents/ros2_bridge/install/teleop_bridge_msgs/share/teleop_bridge_msgs/cmake/teleop_bridge_msgs__rosidl_typesupport_introspection_cExport.cmake
-- Installing: /home/kyle/Documents/ros2_bridge/install/teleop_bridge_msgs/share/teleop_bridge_msgs/cmake/teleop_bridge_msgs__rosidl_typesupport_introspection_cExport-noconfig.cmake
-- Installing: /home/kyle/Documents/ros2_bridge/install/teleop_bridge_msgs/share/teleop_bridge_msgs/cmake/teleop_bridge_msgs__rosidl_typesupport_cExport.cmake
-- Installing: /home/kyle/Documents/ros2_bridge/install/teleop_bridge_msgs/share/teleop_bridge_msgs/cmake/teleop_bridge_msgs__rosidl_typesupport_cExport-noconfig.cmake
-- Installing: /home/kyle/Documents/ros2_bridge/install/teleop_bridge_msgs/share/teleop_bridge_msgs/cmake/export_teleop_bridge_msgs__rosidl_generator_cppExport.cmake
-- Installing: /home/kyle/Documents/ros2_bridge/install/teleop_bridge_msgs/share/teleop_bridge_msgs/cmake/export_teleop_bridge_msgs__rosidl_typesupport_fastrtps_cppExport.cmake
-- Installing: /home/kyle/Documents/ros2_bridge/install/teleop_bridge_msgs/share/teleop_bridge_msgs/cmake/export_teleop_bridge_msgs__rosidl_typesupport_fastrtps_cppExport-noconfig.cmake
-- Installing: /home/kyle/Documents/ros2_bridge/install/teleop_bridge_msgs/share/teleop_bridge_msgs/cmake/teleop_bridge_msgs__rosidl_typesupport_introspection_cppExport.cmake
-- Installing: /home/kyle/Documents/ros2_bridge/install/teleop_bridge_msgs/share/teleop_bridge_msgs/cmake/teleop_bridge_msgs__rosidl_typesupport_introspection_cppExport-noconfig.cmake
-- Installing: /home/kyle/Documents/ros2_bridge/install/teleop_bridge_msgs/share/teleop_bridge_msgs/cmake/teleop_bridge_msgs__rosidl_typesupport_cppExport.cmake
-- Installing: /home/kyle/Documents/ros2_bridge/install/teleop_bridge_msgs/share/teleop_bridge_msgs/cmake/teleop_bridge_msgs__rosidl_typesupport_cppExport-noconfig.cmake
-- Installing: /home/kyle/Documents/ros2_bridge/install/teleop_bridge_msgs/share/teleop_bridge_msgs/cmake/export_teleop_bridge_msgs__rosidl_generator_pyExport.cmake
-- Installing: /home/kyle/Documents/ros2_bridge/install/teleop_bridge_msgs/share/teleop_bridge_msgs/cmake/export_teleop_bridge_msgs__rosidl_generator_pyExport-noconfig.cmake
-- Installing: /home/kyle/Documents/ros2_bridge/install/teleop_bridge_msgs/share/teleop_bridge_msgs/cmake/rosidl_cmake-extras.cmake
-- Installing: /home/kyle/Documents/ros2_bridge/install/teleop_bridge_msgs/share/teleop_bridge_msgs/cmake/ament_cmake_export_dependencies-extras.cmake
-- Installing: /home/kyle/Documents/ros2_bridge/install/teleop_bridge_msgs/share/teleop_bridge_msgs/cmake/ament_cmake_export_include_directories-extras.cmake
-- Installing: /home/kyle/Documents/ros2_bridge/install/teleop_bridge_msgs/share/teleop_bridge_msgs/cmake/ament_cmake_export_libraries-extras.cmake
-- Installing: /home/kyle/Documents/ros2_bridge/install/teleop_bridge_msgs/share/teleop_bridge_msgs/cmake/ament_cmake_export_targets-extras.cmake
-- Installing: /home/kyle/Documents/ros2_bridge/install/teleop_bridge_msgs/share/teleop_bridge_msgs/cmake/rosidl_cmake_export_typesupport_targets-extras.cmake
-- Installing: /home/kyle/Documents/ros2_bridge/install/teleop_bridge_msgs/share/teleop_bridge_msgs/cmake/rosidl_cmake_export_typesupport_libraries-extras.cmake
-- Installing: /home/kyle/Documents/ros2_bridge/install/teleop_bridge_msgs/share/teleop_bridge_msgs/cmake/teleop_bridge_msgsConfig.cmake
-- Installing: /home/kyle/Documents/ros2_bridge/install/teleop_bridge_msgs/share/teleop_bridge_msgs/cmake/teleop_bridge_msgsConfig-version.cmake
-- Installing: /home/kyle/Documents/ros2_bridge/install/teleop_bridge_msgs/share/teleop_bridge_msgs/package.xml
