[0.003s] Invoking command in '/home/kyle/Documents/ros2_bridge/build/teleop_bridge_msgs': CONDA_PROMPT_MODIFIER=(chrono312) DEBUGINFOD_URLS=https://debuginfod.ubuntu.com /usr/bin/cmake /home/kyle/Documents/ros2_bridge/teleop_bridge_msgs -DCATKIN_INSTALL_INTO_PREFIX_ROOT=0 -DCMAKE_INSTALL_PREFIX=/home/kyle/Documents/ros2_bridge/install/teleop_bridge_msgs
[0.026s] -- The C compiler identification is GNU 13.3.0
[0.049s] -- The CXX compiler identification is GNU 13.3.0
[0.054s] -- Detecting C compiler ABI info
[0.088s] -- Detecting C compiler ABI info - done
[0.092s] -- Check for working C compiler: /usr/bin/cc - skipped
[0.092s] -- Detecting C compile features
[0.093s] -- Detecting C compile features - done
[0.096s] -- Detecting CXX compiler ABI info
[0.136s] -- Detecting CXX compiler ABI info - done
[0.140s] -- Check for working CXX compiler: /usr/bin/c++ - skipped
[0.140s] -- Detecting CXX compile features
[0.141s] -- Detecting CXX compile features - done
[0.142s] -- Found ament_cmake: 2.5.4 (/opt/ros/jazzy/share/ament_cmake/cmake)
[0.189s] -- Found Python3: /home/kyle/miniconda3/envs/chrono312/bin/python3 (found version "3.12.0") found components: Interpreter 
[0.236s] -- Found rosidl_default_generators: 1.6.0 (/opt/ros/jazzy/share/rosidl_default_generators/cmake)
[0.238s] -- Using all available rosidl_typesupport_c: rosidl_typesupport_fastrtps_c;rosidl_typesupport_introspection_c
[0.261s] -- Using all available rosidl_typesupport_cpp: rosidl_typesupport_fastrtps_cpp;rosidl_typesupport_introspection_cpp
[0.280s] -- Found rosidl_adapter: 4.6.6 (/opt/ros/jazzy/share/rosidl_adapter/cmake)
[0.281s] -- Found builtin_interfaces: 2.0.3 (/opt/ros/jazzy/share/builtin_interfaces/cmake)
[0.288s] -- Found geometry_msgs: 5.3.6 (/opt/ros/jazzy/share/geometry_msgs/cmake)
[0.543s] -- Found ament_cmake_ros: 0.12.0 (/opt/ros/jazzy/share/ament_cmake_ros/cmake)
[0.726s] -- Using all available rosidl_typesupport_c: rosidl_typesupport_fastrtps_c;rosidl_typesupport_introspection_c
[0.962s] -- Using all available rosidl_typesupport_cpp: rosidl_typesupport_fastrtps_cpp;rosidl_typesupport_introspection_cpp
[0.963s] -- Found python_cmake_module: 0.11.1 (/opt/ros/jazzy/share/python_cmake_module/cmake)
[1.007s] -- Found PythonExtra: /home/kyle/miniconda3/envs/chrono312/bin/python3  
[1.161s] -- Found Python3: /home/kyle/miniconda3/envs/chrono312/bin/python3 (found version "3.12.0") found components: Interpreter Development NumPy Development.Module Development.Embed 
[1.188s] -- Configuring done (1.2s)
[1.205s] -- Generating done (0.0s)
[1.206s] [33mCMake Warning:
[1.206s]   Manually-specified variables were not used by the project:
[1.206s] 
[1.206s]     CATKIN_INSTALL_INTO_PREFIX_ROOT
[1.206s] 
[1.206s] [0m
[1.210s] -- Build files have been written to: /home/kyle/Documents/ros2_bridge/build/teleop_bridge_msgs
[1.216s] Invoked command in '/home/kyle/Documents/ros2_bridge/build/teleop_bridge_msgs' returned '0': CONDA_PROMPT_MODIFIER=(chrono312) DEBUGINFOD_URLS=https://debuginfod.ubuntu.com /usr/bin/cmake /home/kyle/Documents/ros2_bridge/teleop_bridge_msgs -DCATKIN_INSTALL_INTO_PREFIX_ROOT=0 -DCMAKE_INSTALL_PREFIX=/home/kyle/Documents/ros2_bridge/install/teleop_bridge_msgs
[1.216s] Invoking command in '/home/kyle/Documents/ros2_bridge/build/teleop_bridge_msgs': CONDA_PROMPT_MODIFIER=(chrono312) DEBUGINFOD_URLS=https://debuginfod.ubuntu.com /usr/bin/cmake --build /home/kyle/Documents/ros2_bridge/build/teleop_bridge_msgs -- -j12 -l12
[1.237s] [  1%] [34m[1mGenerating type hashes for ROS interfaces[0m
[1.240s] [  1%] Built target ament_cmake_python_copy_teleop_bridge_msgs
[1.308s] running egg_info
[1.311s] creating teleop_bridge_msgs.egg-info
[1.311s] writing teleop_bridge_msgs.egg-info/PKG-INFO
[1.312s] writing dependency_links to teleop_bridge_msgs.egg-info/dependency_links.txt
[1.312s] writing top-level names to teleop_bridge_msgs.egg-info/top_level.txt
[1.312s] writing manifest file 'teleop_bridge_msgs.egg-info/SOURCES.txt'
[1.321s] reading manifest file 'teleop_bridge_msgs.egg-info/SOURCES.txt'
[1.321s] writing manifest file 'teleop_bridge_msgs.egg-info/SOURCES.txt'
[1.335s] [  1%] Built target ament_cmake_python_build_teleop_bridge_msgs_egg
[1.349s] [  1%] Built target teleop_bridge_msgs__rosidl_generator_type_description
[1.353s] [  2%] [34m[1mGenerating C code for ROS interfaces[0m
[1.356s] [  3%] [34m[1mGenerating C++ code for ROS interfaces[0m
[1.540s] [  3%] Built target teleop_bridge_msgs__cpp
[1.585s] [  5%] [32mBuilding C object CMakeFiles/teleop_bridge_msgs__rosidl_generator_c.dir/rosidl_generator_c/teleop_bridge_msgs/msg/detail/driver_input__description.c.o[0m
[1.585s] [  7%] [32mBuilding C object CMakeFiles/teleop_bridge_msgs__rosidl_generator_c.dir/rosidl_generator_c/teleop_bridge_msgs/msg/detail/driver_input__functions.c.o[0m
[1.585s] [  7%] [32mBuilding C object CMakeFiles/teleop_bridge_msgs__rosidl_generator_c.dir/rosidl_generator_c/teleop_bridge_msgs/msg/detail/driver_input__type_support.c.o[0m
[1.585s] [  9%] [32mBuilding C object CMakeFiles/teleop_bridge_msgs__rosidl_generator_c.dir/rosidl_generator_c/teleop_bridge_msgs/msg/detail/ego_state__description.c.o[0m
[1.585s] [ 13%] [32mBuilding C object CMakeFiles/teleop_bridge_msgs__rosidl_generator_c.dir/rosidl_generator_c/teleop_bridge_msgs/msg/detail/tracked_vehicle__description.c.o[0m
[1.585s] [ 14%] [32mBuilding C object CMakeFiles/teleop_bridge_msgs__rosidl_generator_c.dir/rosidl_generator_c/teleop_bridge_msgs/msg/detail/tracked_vehicle__functions.c.o[0m
[1.586s] [ 14%] [32mBuilding C object CMakeFiles/teleop_bridge_msgs__rosidl_generator_c.dir/rosidl_generator_c/teleop_bridge_msgs/msg/detail/tracked_vehicle__type_support.c.o[0m
[1.586s] [ 15%] [32mBuilding C object CMakeFiles/teleop_bridge_msgs__rosidl_generator_c.dir/rosidl_generator_c/teleop_bridge_msgs/msg/detail/tracked_vehicle_array__description.c.o[0m
[1.586s] [  9%] [32mBuilding C object CMakeFiles/teleop_bridge_msgs__rosidl_generator_c.dir/rosidl_generator_c/teleop_bridge_msgs/msg/detail/ego_state__functions.c.o[0m
[1.586s] [ 10%] [32mBuilding C object CMakeFiles/teleop_bridge_msgs__rosidl_generator_c.dir/rosidl_generator_c/teleop_bridge_msgs/msg/detail/ego_state__type_support.c.o[0m
[1.587s] [ 16%] [32mBuilding C object CMakeFiles/teleop_bridge_msgs__rosidl_generator_c.dir/rosidl_generator_c/teleop_bridge_msgs/msg/detail/tracked_vehicle_array__functions.c.o[0m
[1.589s] [ 17%] [32mBuilding C object CMakeFiles/teleop_bridge_msgs__rosidl_generator_c.dir/rosidl_generator_c/teleop_bridge_msgs/msg/detail/tracked_vehicle_array__type_support.c.o[0m
[1.606s] [ 20%] [32mBuilding C object CMakeFiles/teleop_bridge_msgs__rosidl_generator_c.dir/rosidl_generator_c/teleop_bridge_msgs/msg/detail/control_command__description.c.o[0m
[1.606s] [ 21%] [32mBuilding C object CMakeFiles/teleop_bridge_msgs__rosidl_generator_c.dir/rosidl_generator_c/teleop_bridge_msgs/msg/detail/control_command__type_support.c.o[0m
[1.606s] [ 20%] [32mBuilding C object CMakeFiles/teleop_bridge_msgs__rosidl_generator_c.dir/rosidl_generator_c/teleop_bridge_msgs/msg/detail/control_command__functions.c.o[0m
[1.609s] [ 22%] [32mBuilding C object CMakeFiles/teleop_bridge_msgs__rosidl_generator_c.dir/rosidl_generator_c/teleop_bridge_msgs/msg/detail/warning_status__description.c.o[0m
[1.610s] [ 23%] [32mBuilding C object CMakeFiles/teleop_bridge_msgs__rosidl_generator_c.dir/rosidl_generator_c/teleop_bridge_msgs/msg/detail/warning_status__functions.c.o[0m
[1.614s] [ 25%] [32mBuilding C object CMakeFiles/teleop_bridge_msgs__rosidl_generator_c.dir/rosidl_generator_c/teleop_bridge_msgs/msg/detail/warning_status__type_support.c.o[0m
[1.633s] [ 26%] [32m[1mLinking C shared library libteleop_bridge_msgs__rosidl_generator_c.so[0m
[1.649s] [ 26%] Built target teleop_bridge_msgs__rosidl_generator_c
[1.653s] [ 30%] [34m[1mGenerating C introspection for ROS interfaces[0m
[1.653s] [ 30%] [34m[1mGenerating C++ type support dispatch for ROS interfaces[0m
[1.654s] [ 30%] [34m[1mGenerating C type support for eProsima Fast-RTPS[0m
[1.654s] [ 30%] [34m[1mGenerating C++ introspection for ROS interfaces[0m
[1.654s] [ 32%] [34m[1mGenerating C++ type support for eProsima Fast-RTPS[0m
[1.654s] [ 33%] [34m[1mGenerating C type support dispatch for ROS interfaces[0m
[1.809s] [ 35%] [32mBuilding CXX object CMakeFiles/teleop_bridge_msgs__rosidl_typesupport_cpp.dir/rosidl_typesupport_cpp/teleop_bridge_msgs/msg/ego_state__type_support.cpp.o[0m
[1.809s] [ 36%] [32mBuilding CXX object CMakeFiles/teleop_bridge_msgs__rosidl_typesupport_cpp.dir/rosidl_typesupport_cpp/teleop_bridge_msgs/msg/tracked_vehicle__type_support.cpp.o[0m
[1.809s] [ 35%] [32mBuilding CXX object CMakeFiles/teleop_bridge_msgs__rosidl_typesupport_cpp.dir/rosidl_typesupport_cpp/teleop_bridge_msgs/msg/tracked_vehicle_array__type_support.cpp.o[0m
[1.809s] [ 38%] [32mBuilding CXX object CMakeFiles/teleop_bridge_msgs__rosidl_typesupport_cpp.dir/rosidl_typesupport_cpp/teleop_bridge_msgs/msg/control_command__type_support.cpp.o[0m
[1.810s] [ 39%] [32mBuilding CXX object CMakeFiles/teleop_bridge_msgs__rosidl_typesupport_cpp.dir/rosidl_typesupport_cpp/teleop_bridge_msgs/msg/driver_input__type_support.cpp.o[0m
[1.812s] [ 40%] [32mBuilding CXX object CMakeFiles/teleop_bridge_msgs__rosidl_typesupport_cpp.dir/rosidl_typesupport_cpp/teleop_bridge_msgs/msg/warning_status__type_support.cpp.o[0m
[1.814s] [ 41%] [32mBuilding CXX object CMakeFiles/teleop_bridge_msgs__rosidl_typesupport_c.dir/rosidl_typesupport_c/teleop_bridge_msgs/msg/driver_input__type_support.cpp.o[0m
[1.817s] [ 42%] [32mBuilding CXX object CMakeFiles/teleop_bridge_msgs__rosidl_typesupport_c.dir/rosidl_typesupport_c/teleop_bridge_msgs/msg/ego_state__type_support.cpp.o[0m
[1.862s] [ 44%] [32mBuilding CXX object CMakeFiles/teleop_bridge_msgs__rosidl_typesupport_c.dir/rosidl_typesupport_c/teleop_bridge_msgs/msg/tracked_vehicle__type_support.cpp.o[0m
[1.866s] [ 45%] [32mBuilding CXX object CMakeFiles/teleop_bridge_msgs__rosidl_typesupport_c.dir/rosidl_typesupport_c/teleop_bridge_msgs/msg/tracked_vehicle_array__type_support.cpp.o[0m
[1.897s] [ 46%] [32mBuilding CXX object CMakeFiles/teleop_bridge_msgs__rosidl_typesupport_c.dir/rosidl_typesupport_c/teleop_bridge_msgs/msg/control_command__type_support.cpp.o[0m
[1.900s] [ 47%] [32mBuilding CXX object CMakeFiles/teleop_bridge_msgs__rosidl_typesupport_c.dir/rosidl_typesupport_c/teleop_bridge_msgs/msg/warning_status__type_support.cpp.o[0m
[1.904s] [ 48%] [32mBuilding C object CMakeFiles/teleop_bridge_msgs__rosidl_typesupport_introspection_c.dir/rosidl_typesupport_introspection_c/teleop_bridge_msgs/msg/detail/driver_input__type_support.c.o[0m
[1.904s] [ 50%] [32mBuilding CXX object CMakeFiles/teleop_bridge_msgs__rosidl_typesupport_introspection_cpp.dir/rosidl_typesupport_introspection_cpp/teleop_bridge_msgs/msg/detail/driver_input__type_support.cpp.o[0m
[1.926s] [ 51%] [32mBuilding CXX object CMakeFiles/teleop_bridge_msgs__rosidl_typesupport_introspection_cpp.dir/rosidl_typesupport_introspection_cpp/teleop_bridge_msgs/msg/detail/ego_state__type_support.cpp.o[0m
[1.928s] [ 52%] [32mBuilding C object CMakeFiles/teleop_bridge_msgs__rosidl_typesupport_introspection_c.dir/rosidl_typesupport_introspection_c/teleop_bridge_msgs/msg/detail/ego_state__type_support.c.o[0m
[1.931s] [ 53%] [32m[1mLinking CXX shared library libteleop_bridge_msgs__rosidl_typesupport_c.so[0m
[1.962s] [ 54%] [32mBuilding C object CMakeFiles/teleop_bridge_msgs__rosidl_typesupport_introspection_c.dir/rosidl_typesupport_introspection_c/teleop_bridge_msgs/msg/detail/tracked_vehicle__type_support.c.o[0m
[1.964s] [ 54%] Built target teleop_bridge_msgs__rosidl_typesupport_c
[1.969s] [ 55%] [32mBuilding CXX object CMakeFiles/teleop_bridge_msgs__rosidl_typesupport_introspection_cpp.dir/rosidl_typesupport_introspection_cpp/teleop_bridge_msgs/msg/detail/tracked_vehicle__type_support.cpp.o[0m
[1.990s] [ 57%] [32mBuilding C object CMakeFiles/teleop_bridge_msgs__rosidl_typesupport_introspection_c.dir/rosidl_typesupport_introspection_c/teleop_bridge_msgs/msg/detail/tracked_vehicle_array__type_support.c.o[0m
[1.990s] [ 58%] [32mBuilding CXX object CMakeFiles/teleop_bridge_msgs__rosidl_typesupport_fastrtps_cpp.dir/rosidl_typesupport_fastrtps_cpp/teleop_bridge_msgs/msg/detail/dds_fastrtps/driver_input__type_support.cpp.o[0m
[1.993s] [ 59%] [32mBuilding CXX object CMakeFiles/teleop_bridge_msgs__rosidl_typesupport_introspection_cpp.dir/rosidl_typesupport_introspection_cpp/teleop_bridge_msgs/msg/detail/tracked_vehicle_array__type_support.cpp.o[0m
[1.995s] [ 60%] [32mBuilding CXX object CMakeFiles/teleop_bridge_msgs__rosidl_typesupport_introspection_cpp.dir/rosidl_typesupport_introspection_cpp/teleop_bridge_msgs/msg/detail/control_command__type_support.cpp.o[0m
[1.998s] [ 61%] [32mBuilding CXX object CMakeFiles/teleop_bridge_msgs__rosidl_typesupport_introspection_cpp.dir/rosidl_typesupport_introspection_cpp/teleop_bridge_msgs/msg/detail/warning_status__type_support.cpp.o[0m
[1.999s] [ 63%] [32mBuilding C object CMakeFiles/teleop_bridge_msgs__rosidl_typesupport_introspection_c.dir/rosidl_typesupport_introspection_c/teleop_bridge_msgs/msg/detail/control_command__type_support.c.o[0m
[1.999s] [ 65%] [32mBuilding CXX object CMakeFiles/teleop_bridge_msgs__rosidl_typesupport_fastrtps_cpp.dir/rosidl_typesupport_fastrtps_cpp/teleop_bridge_msgs/msg/detail/dds_fastrtps/ego_state__type_support.cpp.o[0m
[1.999s] [ 65%] [32mBuilding CXX object CMakeFiles/teleop_bridge_msgs__rosidl_typesupport_fastrtps_c.dir/rosidl_typesupport_fastrtps_c/teleop_bridge_msgs/msg/detail/driver_input__type_support_c.cpp.o[0m
[2.019s] [ 66%] [32mBuilding CXX object CMakeFiles/teleop_bridge_msgs__rosidl_typesupport_fastrtps_cpp.dir/rosidl_typesupport_fastrtps_cpp/teleop_bridge_msgs/msg/detail/dds_fastrtps/tracked_vehicle__type_support.cpp.o[0m
[2.019s] [ 67%] [32m[1mLinking CXX shared library libteleop_bridge_msgs__rosidl_typesupport_cpp.so[0m
[2.022s] [ 69%] [32mBuilding C object CMakeFiles/teleop_bridge_msgs__rosidl_typesupport_introspection_c.dir/rosidl_typesupport_introspection_c/teleop_bridge_msgs/msg/detail/warning_status__type_support.c.o[0m
[2.047s] [ 69%] Built target teleop_bridge_msgs__rosidl_typesupport_cpp
[2.047s] [ 70%] [32m[1mLinking C shared library libteleop_bridge_msgs__rosidl_typesupport_introspection_c.so[0m
[2.052s] [ 71%] [32mBuilding CXX object CMakeFiles/teleop_bridge_msgs__rosidl_typesupport_fastrtps_c.dir/rosidl_typesupport_fastrtps_c/teleop_bridge_msgs/msg/detail/ego_state__type_support_c.cpp.o[0m
[2.071s] [ 71%] Built target teleop_bridge_msgs__rosidl_typesupport_introspection_c
[2.089s] [ 72%] [32mBuilding CXX object CMakeFiles/teleop_bridge_msgs__rosidl_typesupport_fastrtps_cpp.dir/rosidl_typesupport_fastrtps_cpp/teleop_bridge_msgs/msg/detail/dds_fastrtps/tracked_vehicle_array__type_support.cpp.o[0m
[2.099s] [ 73%] [32mBuilding CXX object CMakeFiles/teleop_bridge_msgs__rosidl_typesupport_fastrtps_c.dir/rosidl_typesupport_fastrtps_c/teleop_bridge_msgs/msg/detail/tracked_vehicle__type_support_c.cpp.o[0m
[2.127s] [ 75%] [32mBuilding CXX object CMakeFiles/teleop_bridge_msgs__rosidl_typesupport_fastrtps_cpp.dir/rosidl_typesupport_fastrtps_cpp/teleop_bridge_msgs/msg/detail/dds_fastrtps/control_command__type_support.cpp.o[0m
[2.184s] [ 76%] [32mBuilding CXX object CMakeFiles/teleop_bridge_msgs__rosidl_typesupport_fastrtps_c.dir/rosidl_typesupport_fastrtps_c/teleop_bridge_msgs/msg/detail/tracked_vehicle_array__type_support_c.cpp.o[0m
[2.186s] [ 77%] [32mBuilding CXX object CMakeFiles/teleop_bridge_msgs__rosidl_typesupport_fastrtps_cpp.dir/rosidl_typesupport_fastrtps_cpp/teleop_bridge_msgs/msg/detail/dds_fastrtps/warning_status__type_support.cpp.o[0m
[2.228s] [ 78%] [32mBuilding CXX object CMakeFiles/teleop_bridge_msgs__rosidl_typesupport_fastrtps_c.dir/rosidl_typesupport_fastrtps_c/teleop_bridge_msgs/msg/detail/control_command__type_support_c.cpp.o[0m
[2.252s] [ 79%] [32m[1mLinking CXX shared library libteleop_bridge_msgs__rosidl_typesupport_introspection_cpp.so[0m
[2.287s] [ 80%] [32mBuilding CXX object CMakeFiles/teleop_bridge_msgs__rosidl_typesupport_fastrtps_c.dir/rosidl_typesupport_fastrtps_c/teleop_bridge_msgs/msg/detail/warning_status__type_support_c.cpp.o[0m
[2.310s] [ 80%] Built target teleop_bridge_msgs__rosidl_typesupport_introspection_cpp
[2.427s] [ 82%] [32m[1mLinking CXX shared library libteleop_bridge_msgs__rosidl_typesupport_fastrtps_cpp.so[0m
[2.459s] [ 82%] Built target teleop_bridge_msgs__rosidl_typesupport_fastrtps_cpp
[2.495s] [ 83%] [32m[1mLinking CXX shared library libteleop_bridge_msgs__rosidl_typesupport_fastrtps_c.so[0m
[2.526s] [ 83%] Built target teleop_bridge_msgs__rosidl_typesupport_fastrtps_c
[2.533s] [ 83%] Built target teleop_bridge_msgs
[2.541s] [ 84%] [34m[1mGenerating Python code for ROS interfaces[0m
[2.793s] [ 84%] Built target teleop_bridge_msgs__py
[2.800s] [ 88%] [32mBuilding C object CMakeFiles/teleop_bridge_msgs__rosidl_generator_py.dir/rosidl_generator_py/teleop_bridge_msgs/msg/_ego_state_s.c.o[0m
[2.800s] [ 88%] [32mBuilding C object CMakeFiles/teleop_bridge_msgs__rosidl_generator_py.dir/rosidl_generator_py/teleop_bridge_msgs/msg/_tracked_vehicle_array_s.c.o[0m
[2.800s] [ 88%] [32mBuilding C object CMakeFiles/teleop_bridge_msgs__rosidl_generator_py.dir/rosidl_generator_py/teleop_bridge_msgs/msg/_tracked_vehicle_s.c.o[0m
[2.800s] [ 89%] [32mBuilding C object CMakeFiles/teleop_bridge_msgs__rosidl_generator_py.dir/rosidl_generator_py/teleop_bridge_msgs/msg/_warning_status_s.c.o[0m
[2.801s] [ 90%] [32mBuilding C object CMakeFiles/teleop_bridge_msgs__rosidl_generator_py.dir/rosidl_generator_py/teleop_bridge_msgs/msg/_driver_input_s.c.o[0m
[2.801s] [ 91%] [32mBuilding C object CMakeFiles/teleop_bridge_msgs__rosidl_generator_py.dir/rosidl_generator_py/teleop_bridge_msgs/msg/_control_command_s.c.o[0m
[2.861s] [ 92%] [32m[1mLinking C shared library libteleop_bridge_msgs__rosidl_generator_py.so[0m
[2.878s] [ 92%] Built target teleop_bridge_msgs__rosidl_generator_py
[2.885s] [ 94%] [32mBuilding C object CMakeFiles/teleop_bridge_msgs_s__rosidl_typesupport_fastrtps_c.dir/rosidl_generator_py/teleop_bridge_msgs/_teleop_bridge_msgs_s.ep.rosidl_typesupport_fastrtps_c.c.o[0m
[2.885s] [ 95%] [32mBuilding C object CMakeFiles/teleop_bridge_msgs_s__rosidl_typesupport_introspection_c.dir/rosidl_generator_py/teleop_bridge_msgs/_teleop_bridge_msgs_s.ep.rosidl_typesupport_introspection_c.c.o[0m
[2.885s] [ 96%] [32mBuilding C object CMakeFiles/teleop_bridge_msgs_s__rosidl_typesupport_c.dir/rosidl_generator_py/teleop_bridge_msgs/_teleop_bridge_msgs_s.ep.rosidl_typesupport_c.c.o[0m
[2.931s] [100%] [32m[1mLinking C shared module rosidl_generator_py/teleop_bridge_msgs/teleop_bridge_msgs_s__rosidl_typesupport_c.so[0m
[2.932s] [100%] [32m[1mLinking C shared module rosidl_generator_py/teleop_bridge_msgs/teleop_bridge_msgs_s__rosidl_typesupport_fastrtps_c.so[0m
[2.932s] [100%] [32m[1mLinking C shared module rosidl_generator_py/teleop_bridge_msgs/teleop_bridge_msgs_s__rosidl_typesupport_introspection_c.so[0m
[2.943s] [100%] Built target teleop_bridge_msgs_s__rosidl_typesupport_fastrtps_c
[2.943s] [100%] Built target teleop_bridge_msgs_s__rosidl_typesupport_c
[2.943s] [100%] Built target teleop_bridge_msgs_s__rosidl_typesupport_introspection_c
[2.947s] Invoked command in '/home/kyle/Documents/ros2_bridge/build/teleop_bridge_msgs' returned '0': CONDA_PROMPT_MODIFIER=(chrono312) DEBUGINFOD_URLS=https://debuginfod.ubuntu.com /usr/bin/cmake --build /home/kyle/Documents/ros2_bridge/build/teleop_bridge_msgs -- -j12 -l12
[2.951s] Invoking command in '/home/kyle/Documents/ros2_bridge/build/teleop_bridge_msgs': CONDA_PROMPT_MODIFIER=(chrono312) DEBUGINFOD_URLS=https://debuginfod.ubuntu.com /usr/bin/cmake --install /home/kyle/Documents/ros2_bridge/build/teleop_bridge_msgs
[2.954s] -- Install configuration: ""
[2.954s] -- Installing: /home/kyle/Documents/ros2_bridge/install/teleop_bridge_msgs/share/ament_index/resource_index/rosidl_interfaces/teleop_bridge_msgs
[2.954s] -- Installing: /home/kyle/Documents/ros2_bridge/install/teleop_bridge_msgs/share/teleop_bridge_msgs/msg/DriverInput.json
[2.954s] -- Installing: /home/kyle/Documents/ros2_bridge/install/teleop_bridge_msgs/share/teleop_bridge_msgs/msg/EgoState.json
[2.954s] -- Installing: /home/kyle/Documents/ros2_bridge/install/teleop_bridge_msgs/share/teleop_bridge_msgs/msg/TrackedVehicle.json
[2.954s] -- Installing: /home/kyle/Documents/ros2_bridge/install/teleop_bridge_msgs/share/teleop_bridge_msgs/msg/TrackedVehicleArray.json
[2.954s] -- Installing: /home/kyle/Documents/ros2_bridge/install/teleop_bridge_msgs/share/teleop_bridge_msgs/msg/ControlCommand.json
[2.954s] -- Installing: /home/kyle/Documents/ros2_bridge/install/teleop_bridge_msgs/share/teleop_bridge_msgs/msg/WarningStatus.json
[2.954s] -- Installing: /home/kyle/Documents/ros2_bridge/install/teleop_bridge_msgs/include/teleop_bridge_msgs/teleop_bridge_msgs
[2.955s] -- Installing: /home/kyle/Documents/ros2_bridge/install/teleop_bridge_msgs/include/teleop_bridge_msgs/teleop_bridge_msgs/msg
[2.955s] -- Installing: /home/kyle/Documents/ros2_bridge/install/teleop_bridge_msgs/include/teleop_bridge_msgs/teleop_bridge_msgs/msg/ego_state.h
[2.955s] -- Installing: /home/kyle/Documents/ros2_bridge/install/teleop_bridge_msgs/include/teleop_bridge_msgs/teleop_bridge_msgs/msg/detail
[2.955s] -- Installing: /home/kyle/Documents/ros2_bridge/install/teleop_bridge_msgs/include/teleop_bridge_msgs/teleop_bridge_msgs/msg/detail/driver_input__type_support.h
[2.955s] -- Installing: /home/kyle/Documents/ros2_bridge/install/teleop_bridge_msgs/include/teleop_bridge_msgs/teleop_bridge_msgs/msg/detail/tracked_vehicle_array__type_support.h
[2.955s] -- Installing: /home/kyle/Documents/ros2_bridge/install/teleop_bridge_msgs/include/teleop_bridge_msgs/teleop_bridge_msgs/msg/detail/control_command__functions.h
[2.955s] -- Installing: /home/kyle/Documents/ros2_bridge/install/teleop_bridge_msgs/include/teleop_bridge_msgs/teleop_bridge_msgs/msg/detail/tracked_vehicle__functions.c
[2.955s] -- Installing: /home/kyle/Documents/ros2_bridge/install/teleop_bridge_msgs/include/teleop_bridge_msgs/teleop_bridge_msgs/msg/detail/tracked_vehicle__type_support.c
[2.955s] -- Installing: /home/kyle/Documents/ros2_bridge/install/teleop_bridge_msgs/include/teleop_bridge_msgs/teleop_bridge_msgs/msg/detail/tracked_vehicle_array__description.c
[2.955s] -- Installing: /home/kyle/Documents/ros2_bridge/install/teleop_bridge_msgs/include/teleop_bridge_msgs/teleop_bridge_msgs/msg/detail/tracked_vehicle_array__functions.c
[2.955s] -- Installing: /home/kyle/Documents/ros2_bridge/install/teleop_bridge_msgs/include/teleop_bridge_msgs/teleop_bridge_msgs/msg/detail/control_command__description.c
[2.955s] -- Installing: /home/kyle/Documents/ros2_bridge/install/teleop_bridge_msgs/include/teleop_bridge_msgs/teleop_bridge_msgs/msg/detail/warning_status__description.c
[2.955s] -- Installing: /home/kyle/Documents/ros2_bridge/install/teleop_bridge_msgs/include/teleop_bridge_msgs/teleop_bridge_msgs/msg/detail/tracked_vehicle__type_support.h
[2.955s] -- Installing: /home/kyle/Documents/ros2_bridge/install/teleop_bridge_msgs/include/teleop_bridge_msgs/teleop_bridge_msgs/msg/detail/driver_input__description.c
[2.955s] -- Installing: /home/kyle/Documents/ros2_bridge/install/teleop_bridge_msgs/include/teleop_bridge_msgs/teleop_bridge_msgs/msg/detail/control_command__functions.c
[2.955s] -- Installing: /home/kyle/Documents/ros2_bridge/install/teleop_bridge_msgs/include/teleop_bridge_msgs/teleop_bridge_msgs/msg/detail/driver_input__functions.h
[2.955s] -- Installing: /home/kyle/Documents/ros2_bridge/install/teleop_bridge_msgs/include/teleop_bridge_msgs/teleop_bridge_msgs/msg/detail/tracked_vehicle_array__functions.h
[2.955s] -- Installing: /home/kyle/Documents/ros2_bridge/install/teleop_bridge_msgs/include/teleop_bridge_msgs/teleop_bridge_msgs/msg/detail/warning_status__type_support.h
[2.955s] -- Installing: /home/kyle/Documents/ros2_bridge/install/teleop_bridge_msgs/include/teleop_bridge_msgs/teleop_bridge_msgs/msg/detail/ego_state__struct.h
[2.955s] -- Installing: /home/kyle/Documents/ros2_bridge/install/teleop_bridge_msgs/include/teleop_bridge_msgs/teleop_bridge_msgs/msg/detail/warning_status__type_support.c
[2.955s] -- Installing: /home/kyle/Documents/ros2_bridge/install/teleop_bridge_msgs/include/teleop_bridge_msgs/teleop_bridge_msgs/msg/detail/control_command__struct.h
[2.955s] -- Installing: /home/kyle/Documents/ros2_bridge/install/teleop_bridge_msgs/include/teleop_bridge_msgs/teleop_bridge_msgs/msg/detail/ego_state__type_support.h
[2.956s] -- Installing: /home/kyle/Documents/ros2_bridge/install/teleop_bridge_msgs/include/teleop_bridge_msgs/teleop_bridge_msgs/msg/detail/tracked_vehicle__description.c
[2.956s] -- Installing: /home/kyle/Documents/ros2_bridge/install/teleop_bridge_msgs/include/teleop_bridge_msgs/teleop_bridge_msgs/msg/detail/ego_state__type_support.c
[2.956s] -- Installing: /home/kyle/Documents/ros2_bridge/install/teleop_bridge_msgs/include/teleop_bridge_msgs/teleop_bridge_msgs/msg/detail/tracked_vehicle_array__struct.h
[2.956s] -- Installing: /home/kyle/Documents/ros2_bridge/install/teleop_bridge_msgs/include/teleop_bridge_msgs/teleop_bridge_msgs/msg/detail/ego_state__functions.c
[2.956s] -- Installing: /home/kyle/Documents/ros2_bridge/install/teleop_bridge_msgs/include/teleop_bridge_msgs/teleop_bridge_msgs/msg/detail/warning_status__functions.h
[2.956s] -- Installing: /home/kyle/Documents/ros2_bridge/install/teleop_bridge_msgs/include/teleop_bridge_msgs/teleop_bridge_msgs/msg/detail/ego_state__description.c
[2.956s] -- Installing: /home/kyle/Documents/ros2_bridge/install/teleop_bridge_msgs/include/teleop_bridge_msgs/teleop_bridge_msgs/msg/detail/ego_state__functions.h
[2.956s] -- Installing: /home/kyle/Documents/ros2_bridge/install/teleop_bridge_msgs/include/teleop_bridge_msgs/teleop_bridge_msgs/msg/detail/control_command__type_support.c
[2.956s] -- Installing: /home/kyle/Documents/ros2_bridge/install/teleop_bridge_msgs/include/teleop_bridge_msgs/teleop_bridge_msgs/msg/detail/warning_status__struct.h
[2.956s] -- Installing: /home/kyle/Documents/ros2_bridge/install/teleop_bridge_msgs/include/teleop_bridge_msgs/teleop_bridge_msgs/msg/detail/driver_input__type_support.c
[2.956s] -- Installing: /home/kyle/Documents/ros2_bridge/install/teleop_bridge_msgs/include/teleop_bridge_msgs/teleop_bridge_msgs/msg/detail/tracked_vehicle__struct.h
[2.956s] -- Installing: /home/kyle/Documents/ros2_bridge/install/teleop_bridge_msgs/include/teleop_bridge_msgs/teleop_bridge_msgs/msg/detail/driver_input__struct.h
[2.956s] -- Installing: /home/kyle/Documents/ros2_bridge/install/teleop_bridge_msgs/include/teleop_bridge_msgs/teleop_bridge_msgs/msg/detail/tracked_vehicle_array__type_support.c
[2.956s] -- Installing: /home/kyle/Documents/ros2_bridge/install/teleop_bridge_msgs/include/teleop_bridge_msgs/teleop_bridge_msgs/msg/detail/warning_status__functions.c
[2.956s] -- Installing: /home/kyle/Documents/ros2_bridge/install/teleop_bridge_msgs/include/teleop_bridge_msgs/teleop_bridge_msgs/msg/detail/control_command__type_support.h
[2.956s] -- Installing: /home/kyle/Documents/ros2_bridge/install/teleop_bridge_msgs/include/teleop_bridge_msgs/teleop_bridge_msgs/msg/detail/driver_input__functions.c
[2.956s] -- Installing: /home/kyle/Documents/ros2_bridge/install/teleop_bridge_msgs/include/teleop_bridge_msgs/teleop_bridge_msgs/msg/detail/tracked_vehicle__functions.h
[2.956s] -- Installing: /home/kyle/Documents/ros2_bridge/install/teleop_bridge_msgs/include/teleop_bridge_msgs/teleop_bridge_msgs/msg/tracked_vehicle_array.h
[2.956s] -- Installing: /home/kyle/Documents/ros2_bridge/install/teleop_bridge_msgs/include/teleop_bridge_msgs/teleop_bridge_msgs/msg/driver_input.h
[2.956s] -- Installing: /home/kyle/Documents/ros2_bridge/install/teleop_bridge_msgs/include/teleop_bridge_msgs/teleop_bridge_msgs/msg/warning_status.h
[2.956s] -- Installing: /home/kyle/Documents/ros2_bridge/install/teleop_bridge_msgs/include/teleop_bridge_msgs/teleop_bridge_msgs/msg/tracked_vehicle.h
[2.956s] -- Installing: /home/kyle/Documents/ros2_bridge/install/teleop_bridge_msgs/include/teleop_bridge_msgs/teleop_bridge_msgs/msg/rosidl_generator_c__visibility_control.h
[2.956s] -- Installing: /home/kyle/Documents/ros2_bridge/install/teleop_bridge_msgs/include/teleop_bridge_msgs/teleop_bridge_msgs/msg/control_command.h
[2.956s] -- Installing: /home/kyle/Documents/ros2_bridge/install/teleop_bridge_msgs/share/teleop_bridge_msgs/environment/library_path.sh
[2.956s] -- Installing: /home/kyle/Documents/ros2_bridge/install/teleop_bridge_msgs/share/teleop_bridge_msgs/environment/library_path.dsv
[2.956s] -- Installing: /home/kyle/Documents/ros2_bridge/install/teleop_bridge_msgs/lib/libteleop_bridge_msgs__rosidl_generator_c.so
[2.956s] -- Set non-toolchain portion of runtime path of "/home/kyle/Documents/ros2_bridge/install/teleop_bridge_msgs/lib/libteleop_bridge_msgs__rosidl_generator_c.so" to ""
[2.956s] -- Up-to-date: /home/kyle/Documents/ros2_bridge/install/teleop_bridge_msgs/include/teleop_bridge_msgs/teleop_bridge_msgs
[2.956s] -- Up-to-date: /home/kyle/Documents/ros2_bridge/install/teleop_bridge_msgs/include/teleop_bridge_msgs/teleop_bridge_msgs/msg
[2.956s] -- Up-to-date: /home/kyle/Documents/ros2_bridge/install/teleop_bridge_msgs/include/teleop_bridge_msgs/teleop_bridge_msgs/msg/detail
[2.956s] -- Installing: /home/kyle/Documents/ros2_bridge/install/teleop_bridge_msgs/include/teleop_bridge_msgs/teleop_bridge_msgs/msg/detail/ego_state__rosidl_typesupport_fastrtps_c.h
[2.956s] -- Installing: /home/kyle/Documents/ros2_bridge/install/teleop_bridge_msgs/include/teleop_bridge_msgs/teleop_bridge_msgs/msg/detail/tracked_vehicle__rosidl_typesupport_fastrtps_c.h
[2.956s] -- Installing: /home/kyle/Documents/ros2_bridge/install/teleop_bridge_msgs/include/teleop_bridge_msgs/teleop_bridge_msgs/msg/detail/warning_status__rosidl_typesupport_fastrtps_c.h
[2.956s] -- Installing: /home/kyle/Documents/ros2_bridge/install/teleop_bridge_msgs/include/teleop_bridge_msgs/teleop_bridge_msgs/msg/detail/tracked_vehicle_array__rosidl_typesupport_fastrtps_c.h
[2.956s] -- Installing: /home/kyle/Documents/ros2_bridge/install/teleop_bridge_msgs/include/teleop_bridge_msgs/teleop_bridge_msgs/msg/detail/driver_input__rosidl_typesupport_fastrtps_c.h
[2.956s] -- Installing: /home/kyle/Documents/ros2_bridge/install/teleop_bridge_msgs/include/teleop_bridge_msgs/teleop_bridge_msgs/msg/detail/control_command__rosidl_typesupport_fastrtps_c.h
[2.956s] -- Installing: /home/kyle/Documents/ros2_bridge/install/teleop_bridge_msgs/include/teleop_bridge_msgs/teleop_bridge_msgs/msg/rosidl_typesupport_fastrtps_c__visibility_control.h
[2.956s] -- Installing: /home/kyle/Documents/ros2_bridge/install/teleop_bridge_msgs/lib/libteleop_bridge_msgs__rosidl_typesupport_fastrtps_c.so
[2.956s] -- Set non-toolchain portion of runtime path of "/home/kyle/Documents/ros2_bridge/install/teleop_bridge_msgs/lib/libteleop_bridge_msgs__rosidl_typesupport_fastrtps_c.so" to ""
[2.956s] -- Up-to-date: /home/kyle/Documents/ros2_bridge/install/teleop_bridge_msgs/include/teleop_bridge_msgs/teleop_bridge_msgs
[2.957s] -- Up-to-date: /home/kyle/Documents/ros2_bridge/install/teleop_bridge_msgs/include/teleop_bridge_msgs/teleop_bridge_msgs/msg
[2.957s] -- Up-to-date: /home/kyle/Documents/ros2_bridge/install/teleop_bridge_msgs/include/teleop_bridge_msgs/teleop_bridge_msgs/msg/detail
[2.957s] -- Installing: /home/kyle/Documents/ros2_bridge/install/teleop_bridge_msgs/include/teleop_bridge_msgs/teleop_bridge_msgs/msg/detail/control_command__rosidl_typesupport_introspection_c.h
[2.957s] -- Up-to-date: /home/kyle/Documents/ros2_bridge/install/teleop_bridge_msgs/include/teleop_bridge_msgs/teleop_bridge_msgs/msg/detail/tracked_vehicle__type_support.c
[2.957s] -- Installing: /home/kyle/Documents/ros2_bridge/install/teleop_bridge_msgs/include/teleop_bridge_msgs/teleop_bridge_msgs/msg/detail/driver_input__rosidl_typesupport_introspection_c.h
[2.957s] -- Installing: /home/kyle/Documents/ros2_bridge/install/teleop_bridge_msgs/include/teleop_bridge_msgs/teleop_bridge_msgs/msg/detail/ego_state__rosidl_typesupport_introspection_c.h
[2.957s] -- Up-to-date: /home/kyle/Documents/ros2_bridge/install/teleop_bridge_msgs/include/teleop_bridge_msgs/teleop_bridge_msgs/msg/detail/warning_status__type_support.c
[2.957s] -- Up-to-date: /home/kyle/Documents/ros2_bridge/install/teleop_bridge_msgs/include/teleop_bridge_msgs/teleop_bridge_msgs/msg/detail/ego_state__type_support.c
[2.957s] -- Up-to-date: /home/kyle/Documents/ros2_bridge/install/teleop_bridge_msgs/include/teleop_bridge_msgs/teleop_bridge_msgs/msg/detail/control_command__type_support.c
[2.957s] -- Installing: /home/kyle/Documents/ros2_bridge/install/teleop_bridge_msgs/include/teleop_bridge_msgs/teleop_bridge_msgs/msg/detail/warning_status__rosidl_typesupport_introspection_c.h
[2.957s] -- Up-to-date: /home/kyle/Documents/ros2_bridge/install/teleop_bridge_msgs/include/teleop_bridge_msgs/teleop_bridge_msgs/msg/detail/driver_input__type_support.c
[2.957s] -- Installing: /home/kyle/Documents/ros2_bridge/install/teleop_bridge_msgs/include/teleop_bridge_msgs/teleop_bridge_msgs/msg/detail/tracked_vehicle__rosidl_typesupport_introspection_c.h
[2.957s] -- Up-to-date: /home/kyle/Documents/ros2_bridge/install/teleop_bridge_msgs/include/teleop_bridge_msgs/teleop_bridge_msgs/msg/detail/tracked_vehicle_array__type_support.c
[2.957s] -- Installing: /home/kyle/Documents/ros2_bridge/install/teleop_bridge_msgs/include/teleop_bridge_msgs/teleop_bridge_msgs/msg/detail/tracked_vehicle_array__rosidl_typesupport_introspection_c.h
[2.957s] -- Installing: /home/kyle/Documents/ros2_bridge/install/teleop_bridge_msgs/include/teleop_bridge_msgs/teleop_bridge_msgs/msg/rosidl_typesupport_introspection_c__visibility_control.h
[2.957s] -- Installing: /home/kyle/Documents/ros2_bridge/install/teleop_bridge_msgs/lib/libteleop_bridge_msgs__rosidl_typesupport_introspection_c.so
[2.957s] -- Set non-toolchain portion of runtime path of "/home/kyle/Documents/ros2_bridge/install/teleop_bridge_msgs/lib/libteleop_bridge_msgs__rosidl_typesupport_introspection_c.so" to ""
[2.957s] -- Installing: /home/kyle/Documents/ros2_bridge/install/teleop_bridge_msgs/lib/libteleop_bridge_msgs__rosidl_typesupport_c.so
[2.957s] -- Set non-toolchain portion of runtime path of "/home/kyle/Documents/ros2_bridge/install/teleop_bridge_msgs/lib/libteleop_bridge_msgs__rosidl_typesupport_c.so" to ""
[2.957s] -- Up-to-date: /home/kyle/Documents/ros2_bridge/install/teleop_bridge_msgs/include/teleop_bridge_msgs/teleop_bridge_msgs
[2.957s] -- Up-to-date: /home/kyle/Documents/ros2_bridge/install/teleop_bridge_msgs/include/teleop_bridge_msgs/teleop_bridge_msgs/msg
[2.957s] -- Installing: /home/kyle/Documents/ros2_bridge/install/teleop_bridge_msgs/include/teleop_bridge_msgs/teleop_bridge_msgs/msg/warning_status.hpp
[2.957s] -- Installing: /home/kyle/Documents/ros2_bridge/install/teleop_bridge_msgs/include/teleop_bridge_msgs/teleop_bridge_msgs/msg/tracked_vehicle_array.hpp
[2.957s] -- Up-to-date: /home/kyle/Documents/ros2_bridge/install/teleop_bridge_msgs/include/teleop_bridge_msgs/teleop_bridge_msgs/msg/detail
[2.957s] -- Installing: /home/kyle/Documents/ros2_bridge/install/teleop_bridge_msgs/include/teleop_bridge_msgs/teleop_bridge_msgs/msg/detail/control_command__builder.hpp
[2.957s] -- Installing: /home/kyle/Documents/ros2_bridge/install/teleop_bridge_msgs/include/teleop_bridge_msgs/teleop_bridge_msgs/msg/detail/tracked_vehicle__traits.hpp
[2.957s] -- Installing: /home/kyle/Documents/ros2_bridge/install/teleop_bridge_msgs/include/teleop_bridge_msgs/teleop_bridge_msgs/msg/detail/tracked_vehicle__type_support.hpp
[2.957s] -- Installing: /home/kyle/Documents/ros2_bridge/install/teleop_bridge_msgs/include/teleop_bridge_msgs/teleop_bridge_msgs/msg/detail/ego_state__type_support.hpp
[2.957s] -- Installing: /home/kyle/Documents/ros2_bridge/install/teleop_bridge_msgs/include/teleop_bridge_msgs/teleop_bridge_msgs/msg/detail/driver_input__type_support.hpp
[2.957s] -- Installing: /home/kyle/Documents/ros2_bridge/install/teleop_bridge_msgs/include/teleop_bridge_msgs/teleop_bridge_msgs/msg/detail/ego_state__builder.hpp
[2.957s] -- Installing: /home/kyle/Documents/ros2_bridge/install/teleop_bridge_msgs/include/teleop_bridge_msgs/teleop_bridge_msgs/msg/detail/ego_state__struct.hpp
[2.957s] -- Installing: /home/kyle/Documents/ros2_bridge/install/teleop_bridge_msgs/include/teleop_bridge_msgs/teleop_bridge_msgs/msg/detail/ego_state__traits.hpp
[2.957s] -- Installing: /home/kyle/Documents/ros2_bridge/install/teleop_bridge_msgs/include/teleop_bridge_msgs/teleop_bridge_msgs/msg/detail/driver_input__builder.hpp
[2.957s] -- Installing: /home/kyle/Documents/ros2_bridge/install/teleop_bridge_msgs/include/teleop_bridge_msgs/teleop_bridge_msgs/msg/detail/tracked_vehicle__struct.hpp
[2.957s] -- Installing: /home/kyle/Documents/ros2_bridge/install/teleop_bridge_msgs/include/teleop_bridge_msgs/teleop_bridge_msgs/msg/detail/control_command__struct.hpp
[2.957s] -- Installing: /home/kyle/Documents/ros2_bridge/install/teleop_bridge_msgs/include/teleop_bridge_msgs/teleop_bridge_msgs/msg/detail/warning_status__builder.hpp
[2.957s] -- Installing: /home/kyle/Documents/ros2_bridge/install/teleop_bridge_msgs/include/teleop_bridge_msgs/teleop_bridge_msgs/msg/detail/driver_input__struct.hpp
[2.957s] -- Installing: /home/kyle/Documents/ros2_bridge/install/teleop_bridge_msgs/include/teleop_bridge_msgs/teleop_bridge_msgs/msg/detail/control_command__traits.hpp
[2.957s] -- Installing: /home/kyle/Documents/ros2_bridge/install/teleop_bridge_msgs/include/teleop_bridge_msgs/teleop_bridge_msgs/msg/detail/tracked_vehicle_array__type_support.hpp
[2.957s] -- Installing: /home/kyle/Documents/ros2_bridge/install/teleop_bridge_msgs/include/teleop_bridge_msgs/teleop_bridge_msgs/msg/detail/warning_status__struct.hpp
[2.957s] -- Installing: /home/kyle/Documents/ros2_bridge/install/teleop_bridge_msgs/include/teleop_bridge_msgs/teleop_bridge_msgs/msg/detail/tracked_vehicle_array__builder.hpp
[2.957s] -- Installing: /home/kyle/Documents/ros2_bridge/install/teleop_bridge_msgs/include/teleop_bridge_msgs/teleop_bridge_msgs/msg/detail/warning_status__type_support.hpp
[2.957s] -- Installing: /home/kyle/Documents/ros2_bridge/install/teleop_bridge_msgs/include/teleop_bridge_msgs/teleop_bridge_msgs/msg/detail/driver_input__traits.hpp
[2.958s] -- Installing: /home/kyle/Documents/ros2_bridge/install/teleop_bridge_msgs/include/teleop_bridge_msgs/teleop_bridge_msgs/msg/detail/tracked_vehicle__builder.hpp
[2.958s] -- Installing: /home/kyle/Documents/ros2_bridge/install/teleop_bridge_msgs/include/teleop_bridge_msgs/teleop_bridge_msgs/msg/detail/tracked_vehicle_array__struct.hpp
[2.958s] -- Installing: /home/kyle/Documents/ros2_bridge/install/teleop_bridge_msgs/include/teleop_bridge_msgs/teleop_bridge_msgs/msg/detail/tracked_vehicle_array__traits.hpp
[2.958s] -- Installing: /home/kyle/Documents/ros2_bridge/install/teleop_bridge_msgs/include/teleop_bridge_msgs/teleop_bridge_msgs/msg/detail/warning_status__traits.hpp
[2.958s] -- Installing: /home/kyle/Documents/ros2_bridge/install/teleop_bridge_msgs/include/teleop_bridge_msgs/teleop_bridge_msgs/msg/detail/control_command__type_support.hpp
[2.958s] -- Installing: /home/kyle/Documents/ros2_bridge/install/teleop_bridge_msgs/include/teleop_bridge_msgs/teleop_bridge_msgs/msg/ego_state.hpp
[2.958s] -- Installing: /home/kyle/Documents/ros2_bridge/install/teleop_bridge_msgs/include/teleop_bridge_msgs/teleop_bridge_msgs/msg/tracked_vehicle.hpp
[2.958s] -- Installing: /home/kyle/Documents/ros2_bridge/install/teleop_bridge_msgs/include/teleop_bridge_msgs/teleop_bridge_msgs/msg/rosidl_generator_cpp__visibility_control.hpp
[2.958s] -- Installing: /home/kyle/Documents/ros2_bridge/install/teleop_bridge_msgs/include/teleop_bridge_msgs/teleop_bridge_msgs/msg/control_command.hpp
[2.958s] -- Installing: /home/kyle/Documents/ros2_bridge/install/teleop_bridge_msgs/include/teleop_bridge_msgs/teleop_bridge_msgs/msg/driver_input.hpp
[2.958s] -- Up-to-date: /home/kyle/Documents/ros2_bridge/install/teleop_bridge_msgs/include/teleop_bridge_msgs/teleop_bridge_msgs
[2.958s] -- Up-to-date: /home/kyle/Documents/ros2_bridge/install/teleop_bridge_msgs/include/teleop_bridge_msgs/teleop_bridge_msgs/msg
[2.958s] -- Installing: /home/kyle/Documents/ros2_bridge/install/teleop_bridge_msgs/include/teleop_bridge_msgs/teleop_bridge_msgs/msg/rosidl_typesupport_fastrtps_cpp__visibility_control.h
[2.958s] -- Up-to-date: /home/kyle/Documents/ros2_bridge/install/teleop_bridge_msgs/include/teleop_bridge_msgs/teleop_bridge_msgs/msg/detail
[2.958s] -- Installing: /home/kyle/Documents/ros2_bridge/install/teleop_bridge_msgs/include/teleop_bridge_msgs/teleop_bridge_msgs/msg/detail/control_command__rosidl_typesupport_fastrtps_cpp.hpp
[2.958s] -- Installing: /home/kyle/Documents/ros2_bridge/install/teleop_bridge_msgs/include/teleop_bridge_msgs/teleop_bridge_msgs/msg/detail/tracked_vehicle_array__rosidl_typesupport_fastrtps_cpp.hpp
[2.958s] -- Installing: /home/kyle/Documents/ros2_bridge/install/teleop_bridge_msgs/include/teleop_bridge_msgs/teleop_bridge_msgs/msg/detail/warning_status__rosidl_typesupport_fastrtps_cpp.hpp
[2.958s] -- Installing: /home/kyle/Documents/ros2_bridge/install/teleop_bridge_msgs/include/teleop_bridge_msgs/teleop_bridge_msgs/msg/detail/tracked_vehicle__rosidl_typesupport_fastrtps_cpp.hpp
[2.958s] -- Installing: /home/kyle/Documents/ros2_bridge/install/teleop_bridge_msgs/include/teleop_bridge_msgs/teleop_bridge_msgs/msg/detail/driver_input__rosidl_typesupport_fastrtps_cpp.hpp
[2.958s] -- Installing: /home/kyle/Documents/ros2_bridge/install/teleop_bridge_msgs/include/teleop_bridge_msgs/teleop_bridge_msgs/msg/detail/dds_fastrtps
[2.958s] -- Installing: /home/kyle/Documents/ros2_bridge/install/teleop_bridge_msgs/include/teleop_bridge_msgs/teleop_bridge_msgs/msg/detail/ego_state__rosidl_typesupport_fastrtps_cpp.hpp
[2.958s] -- Installing: /home/kyle/Documents/ros2_bridge/install/teleop_bridge_msgs/lib/libteleop_bridge_msgs__rosidl_typesupport_fastrtps_cpp.so
[2.958s] -- Set non-toolchain portion of runtime path of "/home/kyle/Documents/ros2_bridge/install/teleop_bridge_msgs/lib/libteleop_bridge_msgs__rosidl_typesupport_fastrtps_cpp.so" to ""
[2.958s] -- Up-to-date: /home/kyle/Documents/ros2_bridge/install/teleop_bridge_msgs/include/teleop_bridge_msgs/teleop_bridge_msgs
[2.958s] -- Up-to-date: /home/kyle/Documents/ros2_bridge/install/teleop_bridge_msgs/include/teleop_bridge_msgs/teleop_bridge_msgs/msg
[2.958s] -- Up-to-date: /home/kyle/Documents/ros2_bridge/install/teleop_bridge_msgs/include/teleop_bridge_msgs/teleop_bridge_msgs/msg/detail
[2.958s] -- Installing: /home/kyle/Documents/ros2_bridge/install/teleop_bridge_msgs/include/teleop_bridge_msgs/teleop_bridge_msgs/msg/detail/driver_input__type_support.cpp
[2.958s] -- Installing: /home/kyle/Documents/ros2_bridge/install/teleop_bridge_msgs/include/teleop_bridge_msgs/teleop_bridge_msgs/msg/detail/driver_input__rosidl_typesupport_introspection_cpp.hpp
[2.958s] -- Installing: /home/kyle/Documents/ros2_bridge/install/teleop_bridge_msgs/include/teleop_bridge_msgs/teleop_bridge_msgs/msg/detail/control_command__type_support.cpp
[2.958s] -- Installing: /home/kyle/Documents/ros2_bridge/install/teleop_bridge_msgs/include/teleop_bridge_msgs/teleop_bridge_msgs/msg/detail/control_command__rosidl_typesupport_introspection_cpp.hpp
[2.958s] -- Installing: /home/kyle/Documents/ros2_bridge/install/teleop_bridge_msgs/include/teleop_bridge_msgs/teleop_bridge_msgs/msg/detail/tracked_vehicle_array__type_support.cpp
[2.958s] -- Installing: /home/kyle/Documents/ros2_bridge/install/teleop_bridge_msgs/include/teleop_bridge_msgs/teleop_bridge_msgs/msg/detail/ego_state__type_support.cpp
[2.958s] -- Installing: /home/kyle/Documents/ros2_bridge/install/teleop_bridge_msgs/include/teleop_bridge_msgs/teleop_bridge_msgs/msg/detail/tracked_vehicle_array__rosidl_typesupport_introspection_cpp.hpp
[2.958s] -- Installing: /home/kyle/Documents/ros2_bridge/install/teleop_bridge_msgs/include/teleop_bridge_msgs/teleop_bridge_msgs/msg/detail/ego_state__rosidl_typesupport_introspection_cpp.hpp
[2.958s] -- Installing: /home/kyle/Documents/ros2_bridge/install/teleop_bridge_msgs/include/teleop_bridge_msgs/teleop_bridge_msgs/msg/detail/warning_status__type_support.cpp
[2.958s] -- Installing: /home/kyle/Documents/ros2_bridge/install/teleop_bridge_msgs/include/teleop_bridge_msgs/teleop_bridge_msgs/msg/detail/tracked_vehicle__rosidl_typesupport_introspection_cpp.hpp
[2.958s] -- Installing: /home/kyle/Documents/ros2_bridge/install/teleop_bridge_msgs/include/teleop_bridge_msgs/teleop_bridge_msgs/msg/detail/warning_status__rosidl_typesupport_introspection_cpp.hpp
[2.958s] -- Installing: /home/kyle/Documents/ros2_bridge/install/teleop_bridge_msgs/include/teleop_bridge_msgs/teleop_bridge_msgs/msg/detail/tracked_vehicle__type_support.cpp
[2.958s] -- Installing: /home/kyle/Documents/ros2_bridge/install/teleop_bridge_msgs/lib/libteleop_bridge_msgs__rosidl_typesupport_introspection_cpp.so
[2.958s] -- Set non-toolchain portion of runtime path of "/home/kyle/Documents/ros2_bridge/install/teleop_bridge_msgs/lib/libteleop_bridge_msgs__rosidl_typesupport_introspection_cpp.so" to ""
[2.958s] -- Installing: /home/kyle/Documents/ros2_bridge/install/teleop_bridge_msgs/lib/libteleop_bridge_msgs__rosidl_typesupport_cpp.so
[2.959s] -- Set non-toolchain portion of runtime path of "/home/kyle/Documents/ros2_bridge/install/teleop_bridge_msgs/lib/libteleop_bridge_msgs__rosidl_typesupport_cpp.so" to ""
[2.959s] -- Installing: /home/kyle/Documents/ros2_bridge/install/teleop_bridge_msgs/share/teleop_bridge_msgs/environment/pythonpath.sh
[2.959s] -- Installing: /home/kyle/Documents/ros2_bridge/install/teleop_bridge_msgs/share/teleop_bridge_msgs/environment/pythonpath.dsv
[2.959s] -- Installing: /home/kyle/Documents/ros2_bridge/install/teleop_bridge_msgs/lib/python3.12/site-packages/teleop_bridge_msgs-0.1.0-py3.12.egg-info
[2.959s] -- Installing: /home/kyle/Documents/ros2_bridge/install/teleop_bridge_msgs/lib/python3.12/site-packages/teleop_bridge_msgs-0.1.0-py3.12.egg-info/SOURCES.txt
[2.959s] -- Installing: /home/kyle/Documents/ros2_bridge/install/teleop_bridge_msgs/lib/python3.12/site-packages/teleop_bridge_msgs-0.1.0-py3.12.egg-info/dependency_links.txt
[2.959s] -- Installing: /home/kyle/Documents/ros2_bridge/install/teleop_bridge_msgs/lib/python3.12/site-packages/teleop_bridge_msgs-0.1.0-py3.12.egg-info/PKG-INFO
[2.959s] -- Installing: /home/kyle/Documents/ros2_bridge/install/teleop_bridge_msgs/lib/python3.12/site-packages/teleop_bridge_msgs-0.1.0-py3.12.egg-info/top_level.txt
[2.959s] -- Installing: /home/kyle/Documents/ros2_bridge/install/teleop_bridge_msgs/lib/python3.12/site-packages/teleop_bridge_msgs
[2.959s] -- Installing: /home/kyle/Documents/ros2_bridge/install/teleop_bridge_msgs/lib/python3.12/site-packages/teleop_bridge_msgs/teleop_bridge_msgs_s__rosidl_typesupport_fastrtps_c.so
[2.959s] -- Installing: /home/kyle/Documents/ros2_bridge/install/teleop_bridge_msgs/lib/python3.12/site-packages/teleop_bridge_msgs/msg
[2.959s] -- Installing: /home/kyle/Documents/ros2_bridge/install/teleop_bridge_msgs/lib/python3.12/site-packages/teleop_bridge_msgs/msg/_tracked_vehicle_array.py
[2.959s] -- Installing: /home/kyle/Documents/ros2_bridge/install/teleop_bridge_msgs/lib/python3.12/site-packages/teleop_bridge_msgs/msg/_warning_status_s.c
[2.959s] -- Installing: /home/kyle/Documents/ros2_bridge/install/teleop_bridge_msgs/lib/python3.12/site-packages/teleop_bridge_msgs/msg/_control_command_s.c
[2.959s] -- Installing: /home/kyle/Documents/ros2_bridge/install/teleop_bridge_msgs/lib/python3.12/site-packages/teleop_bridge_msgs/msg/_driver_input_s.c
[2.959s] -- Installing: /home/kyle/Documents/ros2_bridge/install/teleop_bridge_msgs/lib/python3.12/site-packages/teleop_bridge_msgs/msg/_tracked_vehicle_s.c
[2.959s] -- Installing: /home/kyle/Documents/ros2_bridge/install/teleop_bridge_msgs/lib/python3.12/site-packages/teleop_bridge_msgs/msg/__init__.py
[2.959s] -- Installing: /home/kyle/Documents/ros2_bridge/install/teleop_bridge_msgs/lib/python3.12/site-packages/teleop_bridge_msgs/msg/_tracked_vehicle.py
[2.959s] -- Installing: /home/kyle/Documents/ros2_bridge/install/teleop_bridge_msgs/lib/python3.12/site-packages/teleop_bridge_msgs/msg/_tracked_vehicle_array_s.c
[2.959s] -- Installing: /home/kyle/Documents/ros2_bridge/install/teleop_bridge_msgs/lib/python3.12/site-packages/teleop_bridge_msgs/msg/_control_command.py
[2.959s] -- Installing: /home/kyle/Documents/ros2_bridge/install/teleop_bridge_msgs/lib/python3.12/site-packages/teleop_bridge_msgs/msg/_ego_state.py
[2.959s] -- Installing: /home/kyle/Documents/ros2_bridge/install/teleop_bridge_msgs/lib/python3.12/site-packages/teleop_bridge_msgs/msg/_ego_state_s.c
[2.959s] -- Installing: /home/kyle/Documents/ros2_bridge/install/teleop_bridge_msgs/lib/python3.12/site-packages/teleop_bridge_msgs/msg/_warning_status.py
[2.959s] -- Installing: /home/kyle/Documents/ros2_bridge/install/teleop_bridge_msgs/lib/python3.12/site-packages/teleop_bridge_msgs/msg/_driver_input.py
[2.959s] -- Installing: /home/kyle/Documents/ros2_bridge/install/teleop_bridge_msgs/lib/python3.12/site-packages/teleop_bridge_msgs/__init__.py
[2.959s] -- Installing: /home/kyle/Documents/ros2_bridge/install/teleop_bridge_msgs/lib/python3.12/site-packages/teleop_bridge_msgs/_teleop_bridge_msgs_s.ep.rosidl_typesupport_fastrtps_c.c
[2.959s] -- Installing: /home/kyle/Documents/ros2_bridge/install/teleop_bridge_msgs/lib/python3.12/site-packages/teleop_bridge_msgs/teleop_bridge_msgs_s__rosidl_typesupport_introspection_c.so
[2.959s] -- Installing: /home/kyle/Documents/ros2_bridge/install/teleop_bridge_msgs/lib/python3.12/site-packages/teleop_bridge_msgs/_teleop_bridge_msgs_s.ep.rosidl_typesupport_c.c
[2.959s] -- Installing: /home/kyle/Documents/ros2_bridge/install/teleop_bridge_msgs/lib/python3.12/site-packages/teleop_bridge_msgs/teleop_bridge_msgs_s__rosidl_typesupport_c.so
[2.959s] -- Installing: /home/kyle/Documents/ros2_bridge/install/teleop_bridge_msgs/lib/python3.12/site-packages/teleop_bridge_msgs/_teleop_bridge_msgs_s.ep.rosidl_typesupport_introspection_c.c
[2.978s] Listing '/home/kyle/Documents/ros2_bridge/install/teleop_bridge_msgs/lib/python3.12/site-packages/teleop_bridge_msgs'...
[2.978s] Compiling '/home/kyle/Documents/ros2_bridge/install/teleop_bridge_msgs/lib/python3.12/site-packages/teleop_bridge_msgs/__init__.py'...
[2.978s] Listing '/home/kyle/Documents/ros2_bridge/install/teleop_bridge_msgs/lib/python3.12/site-packages/teleop_bridge_msgs/msg'...
[2.978s] Compiling '/home/kyle/Documents/ros2_bridge/install/teleop_bridge_msgs/lib/python3.12/site-packages/teleop_bridge_msgs/msg/__init__.py'...
[2.978s] Compiling '/home/kyle/Documents/ros2_bridge/install/teleop_bridge_msgs/lib/python3.12/site-packages/teleop_bridge_msgs/msg/_control_command.py'...
[2.978s] Compiling '/home/kyle/Documents/ros2_bridge/install/teleop_bridge_msgs/lib/python3.12/site-packages/teleop_bridge_msgs/msg/_driver_input.py'...
[2.978s] Compiling '/home/kyle/Documents/ros2_bridge/install/teleop_bridge_msgs/lib/python3.12/site-packages/teleop_bridge_msgs/msg/_ego_state.py'...
[2.978s] Compiling '/home/kyle/Documents/ros2_bridge/install/teleop_bridge_msgs/lib/python3.12/site-packages/teleop_bridge_msgs/msg/_tracked_vehicle.py'...
[2.979s] Compiling '/home/kyle/Documents/ros2_bridge/install/teleop_bridge_msgs/lib/python3.12/site-packages/teleop_bridge_msgs/msg/_tracked_vehicle_array.py'...
[2.979s] Compiling '/home/kyle/Documents/ros2_bridge/install/teleop_bridge_msgs/lib/python3.12/site-packages/teleop_bridge_msgs/msg/_warning_status.py'...
[2.980s] -- Installing: /home/kyle/Documents/ros2_bridge/install/teleop_bridge_msgs/lib/python3.12/site-packages/teleop_bridge_msgs/teleop_bridge_msgs_s__rosidl_typesupport_fastrtps_c.so
[2.980s] -- Set non-toolchain portion of runtime path of "/home/kyle/Documents/ros2_bridge/install/teleop_bridge_msgs/lib/python3.12/site-packages/teleop_bridge_msgs/teleop_bridge_msgs_s__rosidl_typesupport_fastrtps_c.so" to ""
[2.981s] -- Installing: /home/kyle/Documents/ros2_bridge/install/teleop_bridge_msgs/lib/python3.12/site-packages/teleop_bridge_msgs/teleop_bridge_msgs_s__rosidl_typesupport_introspection_c.so
[2.981s] -- Set non-toolchain portion of runtime path of "/home/kyle/Documents/ros2_bridge/install/teleop_bridge_msgs/lib/python3.12/site-packages/teleop_bridge_msgs/teleop_bridge_msgs_s__rosidl_typesupport_introspection_c.so" to ""
[2.981s] -- Installing: /home/kyle/Documents/ros2_bridge/install/teleop_bridge_msgs/lib/python3.12/site-packages/teleop_bridge_msgs/teleop_bridge_msgs_s__rosidl_typesupport_c.so
[2.981s] -- Set non-toolchain portion of runtime path of "/home/kyle/Documents/ros2_bridge/install/teleop_bridge_msgs/lib/python3.12/site-packages/teleop_bridge_msgs/teleop_bridge_msgs_s__rosidl_typesupport_c.so" to ""
[2.981s] -- Installing: /home/kyle/Documents/ros2_bridge/install/teleop_bridge_msgs/lib/libteleop_bridge_msgs__rosidl_generator_py.so
[2.981s] -- Set non-toolchain portion of runtime path of "/home/kyle/Documents/ros2_bridge/install/teleop_bridge_msgs/lib/libteleop_bridge_msgs__rosidl_generator_py.so" to ""
[2.981s] -- Installing: /home/kyle/Documents/ros2_bridge/install/teleop_bridge_msgs/share/teleop_bridge_msgs/msg/DriverInput.idl
[2.981s] -- Installing: /home/kyle/Documents/ros2_bridge/install/teleop_bridge_msgs/share/teleop_bridge_msgs/msg/EgoState.idl
[2.981s] -- Installing: /home/kyle/Documents/ros2_bridge/install/teleop_bridge_msgs/share/teleop_bridge_msgs/msg/TrackedVehicle.idl
[2.981s] -- Installing: /home/kyle/Documents/ros2_bridge/install/teleop_bridge_msgs/share/teleop_bridge_msgs/msg/TrackedVehicleArray.idl
[2.981s] -- Installing: /home/kyle/Documents/ros2_bridge/install/teleop_bridge_msgs/share/teleop_bridge_msgs/msg/ControlCommand.idl
[2.981s] -- Installing: /home/kyle/Documents/ros2_bridge/install/teleop_bridge_msgs/share/teleop_bridge_msgs/msg/WarningStatus.idl
[2.981s] -- Installing: /home/kyle/Documents/ros2_bridge/install/teleop_bridge_msgs/share/teleop_bridge_msgs/msg/DriverInput.msg
[2.981s] -- Installing: /home/kyle/Documents/ros2_bridge/install/teleop_bridge_msgs/share/teleop_bridge_msgs/msg/EgoState.msg
[2.981s] -- Installing: /home/kyle/Documents/ros2_bridge/install/teleop_bridge_msgs/share/teleop_bridge_msgs/msg/TrackedVehicle.msg
[2.981s] -- Installing: /home/kyle/Documents/ros2_bridge/install/teleop_bridge_msgs/share/teleop_bridge_msgs/msg/TrackedVehicleArray.msg
[2.982s] -- Installing: /home/kyle/Documents/ros2_bridge/install/teleop_bridge_msgs/share/teleop_bridge_msgs/msg/ControlCommand.msg
[2.982s] -- Installing: /home/kyle/Documents/ros2_bridge/install/teleop_bridge_msgs/share/teleop_bridge_msgs/msg/WarningStatus.msg
[2.982s] -- Installing: /home/kyle/Documents/ros2_bridge/install/teleop_bridge_msgs/share/ament_index/resource_index/package_run_dependencies/teleop_bridge_msgs
[2.982s] -- Installing: /home/kyle/Documents/ros2_bridge/install/teleop_bridge_msgs/share/ament_index/resource_index/parent_prefix_path/teleop_bridge_msgs
[2.982s] -- Installing: /home/kyle/Documents/ros2_bridge/install/teleop_bridge_msgs/share/teleop_bridge_msgs/environment/ament_prefix_path.sh
[2.982s] -- Installing: /home/kyle/Documents/ros2_bridge/install/teleop_bridge_msgs/share/teleop_bridge_msgs/environment/ament_prefix_path.dsv
[2.982s] -- Installing: /home/kyle/Documents/ros2_bridge/install/teleop_bridge_msgs/share/teleop_bridge_msgs/environment/path.sh
[2.982s] -- Installing: /home/kyle/Documents/ros2_bridge/install/teleop_bridge_msgs/share/teleop_bridge_msgs/environment/path.dsv
[2.982s] -- Installing: /home/kyle/Documents/ros2_bridge/install/teleop_bridge_msgs/share/teleop_bridge_msgs/local_setup.bash
[2.982s] -- Installing: /home/kyle/Documents/ros2_bridge/install/teleop_bridge_msgs/share/teleop_bridge_msgs/local_setup.sh
[2.982s] -- Installing: /home/kyle/Documents/ros2_bridge/install/teleop_bridge_msgs/share/teleop_bridge_msgs/local_setup.zsh
[2.982s] -- Installing: /home/kyle/Documents/ros2_bridge/install/teleop_bridge_msgs/share/teleop_bridge_msgs/local_setup.dsv
[2.982s] -- Installing: /home/kyle/Documents/ros2_bridge/install/teleop_bridge_msgs/share/teleop_bridge_msgs/package.dsv
[2.982s] -- Installing: /home/kyle/Documents/ros2_bridge/install/teleop_bridge_msgs/share/ament_index/resource_index/packages/teleop_bridge_msgs
[2.982s] -- Installing: /home/kyle/Documents/ros2_bridge/install/teleop_bridge_msgs/share/teleop_bridge_msgs/cmake/export_teleop_bridge_msgs__rosidl_generator_cExport.cmake
[2.982s] -- Installing: /home/kyle/Documents/ros2_bridge/install/teleop_bridge_msgs/share/teleop_bridge_msgs/cmake/export_teleop_bridge_msgs__rosidl_generator_cExport-noconfig.cmake
[2.982s] -- Installing: /home/kyle/Documents/ros2_bridge/install/teleop_bridge_msgs/share/teleop_bridge_msgs/cmake/export_teleop_bridge_msgs__rosidl_typesupport_fastrtps_cExport.cmake
[2.983s] -- Installing: /home/kyle/Documents/ros2_bridge/install/teleop_bridge_msgs/share/teleop_bridge_msgs/cmake/export_teleop_bridge_msgs__rosidl_typesupport_fastrtps_cExport-noconfig.cmake
[2.983s] -- Installing: /home/kyle/Documents/ros2_bridge/install/teleop_bridge_msgs/share/teleop_bridge_msgs/cmake/teleop_bridge_msgs__rosidl_typesupport_introspection_cExport.cmake
[2.983s] -- Installing: /home/kyle/Documents/ros2_bridge/install/teleop_bridge_msgs/share/teleop_bridge_msgs/cmake/teleop_bridge_msgs__rosidl_typesupport_introspection_cExport-noconfig.cmake
[2.983s] -- Installing: /home/kyle/Documents/ros2_bridge/install/teleop_bridge_msgs/share/teleop_bridge_msgs/cmake/teleop_bridge_msgs__rosidl_typesupport_cExport.cmake
[2.983s] -- Installing: /home/kyle/Documents/ros2_bridge/install/teleop_bridge_msgs/share/teleop_bridge_msgs/cmake/teleop_bridge_msgs__rosidl_typesupport_cExport-noconfig.cmake
[2.983s] -- Installing: /home/kyle/Documents/ros2_bridge/install/teleop_bridge_msgs/share/teleop_bridge_msgs/cmake/export_teleop_bridge_msgs__rosidl_generator_cppExport.cmake
[2.983s] -- Installing: /home/kyle/Documents/ros2_bridge/install/teleop_bridge_msgs/share/teleop_bridge_msgs/cmake/export_teleop_bridge_msgs__rosidl_typesupport_fastrtps_cppExport.cmake
[2.983s] -- Installing: /home/kyle/Documents/ros2_bridge/install/teleop_bridge_msgs/share/teleop_bridge_msgs/cmake/export_teleop_bridge_msgs__rosidl_typesupport_fastrtps_cppExport-noconfig.cmake
[2.983s] -- Installing: /home/kyle/Documents/ros2_bridge/install/teleop_bridge_msgs/share/teleop_bridge_msgs/cmake/teleop_bridge_msgs__rosidl_typesupport_introspection_cppExport.cmake
[2.983s] -- Installing: /home/kyle/Documents/ros2_bridge/install/teleop_bridge_msgs/share/teleop_bridge_msgs/cmake/teleop_bridge_msgs__rosidl_typesupport_introspection_cppExport-noconfig.cmake
[2.983s] -- Installing: /home/kyle/Documents/ros2_bridge/install/teleop_bridge_msgs/share/teleop_bridge_msgs/cmake/teleop_bridge_msgs__rosidl_typesupport_cppExport.cmake
[2.983s] -- Installing: /home/kyle/Documents/ros2_bridge/install/teleop_bridge_msgs/share/teleop_bridge_msgs/cmake/teleop_bridge_msgs__rosidl_typesupport_cppExport-noconfig.cmake
[2.983s] -- Installing: /home/kyle/Documents/ros2_bridge/install/teleop_bridge_msgs/share/teleop_bridge_msgs/cmake/export_teleop_bridge_msgs__rosidl_generator_pyExport.cmake
[2.983s] -- Installing: /home/kyle/Documents/ros2_bridge/install/teleop_bridge_msgs/share/teleop_bridge_msgs/cmake/export_teleop_bridge_msgs__rosidl_generator_pyExport-noconfig.cmake
[2.983s] -- Installing: /home/kyle/Documents/ros2_bridge/install/teleop_bridge_msgs/share/teleop_bridge_msgs/cmake/rosidl_cmake-extras.cmake
[2.983s] -- Installing: /home/kyle/Documents/ros2_bridge/install/teleop_bridge_msgs/share/teleop_bridge_msgs/cmake/ament_cmake_export_dependencies-extras.cmake
[2.983s] -- Installing: /home/kyle/Documents/ros2_bridge/install/teleop_bridge_msgs/share/teleop_bridge_msgs/cmake/ament_cmake_export_include_directories-extras.cmake
[2.983s] -- Installing: /home/kyle/Documents/ros2_bridge/install/teleop_bridge_msgs/share/teleop_bridge_msgs/cmake/ament_cmake_export_libraries-extras.cmake
[2.983s] -- Installing: /home/kyle/Documents/ros2_bridge/install/teleop_bridge_msgs/share/teleop_bridge_msgs/cmake/ament_cmake_export_targets-extras.cmake
[2.984s] -- Installing: /home/kyle/Documents/ros2_bridge/install/teleop_bridge_msgs/share/teleop_bridge_msgs/cmake/rosidl_cmake_export_typesupport_targets-extras.cmake
[2.984s] -- Installing: /home/kyle/Documents/ros2_bridge/install/teleop_bridge_msgs/share/teleop_bridge_msgs/cmake/rosidl_cmake_export_typesupport_libraries-extras.cmake
[2.984s] -- Installing: /home/kyle/Documents/ros2_bridge/install/teleop_bridge_msgs/share/teleop_bridge_msgs/cmake/teleop_bridge_msgsConfig.cmake
[2.984s] -- Installing: /home/kyle/Documents/ros2_bridge/install/teleop_bridge_msgs/share/teleop_bridge_msgs/cmake/teleop_bridge_msgsConfig-version.cmake
[2.984s] -- Installing: /home/kyle/Documents/ros2_bridge/install/teleop_bridge_msgs/share/teleop_bridge_msgs/package.xml
[2.985s] Invoked command in '/home/kyle/Documents/ros2_bridge/build/teleop_bridge_msgs' returned '0': CONDA_PROMPT_MODIFIER=(chrono312) DEBUGINFOD_URLS=https://debuginfod.ubuntu.com /usr/bin/cmake --install /home/kyle/Documents/ros2_bridge/build/teleop_bridge_msgs
