[0.045s] DEBUG:colcon:Command line arguments: ['/usr/bin/colcon', 'build']
[0.045s] DEBUG:colcon:Parsed command line arguments: Namespace(log_base=None, log_level=None, verb_name='build', build_base='build', install_base='install', merge_install=False, symlink_install=False, test_result_base=None, continue_on_error=False, executor='parallel', parallel_workers=12, event_handlers=None, ignore_user_meta=False, metas=['./colcon.meta'], base_paths=['.'], packages_ignore=None, packages_ignore_regex=None, paths=None, packages_up_to=None, packages_up_to_regex=None, packages_above=None, packages_above_and_dependencies=None, packages_above_depth=None, packages_select_by_dep=None, packages_skip_by_dep=None, packages_skip_up_to=None, packages_select_build_failed=False, packages_skip_build_finished=False, packages_select_test_failures=False, packages_skip_test_passed=False, packages_select=None, packages_skip=None, packages_select_regex=None, packages_skip_regex=None, packages_start=None, packages_end=None, allow_overriding=[], cmake_args=None, cmake_target=None, cmake_target_skip_unavailable=False, cmake_clean_cache=False, cmake_clean_first=False, cmake_force_configure=False, ament_cmake_args=None, catkin_cmake_args=None, catkin_skip_building_tests=False, mixin_files=None, mixin=None, verb_parser=<colcon_mixin.mixin.mixin_argument.MixinArgumentDecorator object at 0x7039e8172f00>, verb_extension=<colcon_core.verb.build.BuildVerb object at 0x7039e8172b70>, main=<bound method BuildVerb.main of <colcon_core.verb.build.BuildVerb object at 0x7039e8172b70>>, mixin_verb=('build',))
[0.061s] Level 1:colcon.colcon_core.package_discovery:discover_packages(colcon_meta) check parameters
[0.061s] Level 1:colcon.colcon_core.package_discovery:discover_packages(recursive) check parameters
[0.061s] Level 1:colcon.colcon_core.package_discovery:discover_packages(ignore) check parameters
[0.062s] Level 1:colcon.colcon_core.package_discovery:discover_packages(path) check parameters
[0.062s] Level 1:colcon.colcon_core.package_discovery:discover_packages(colcon_meta) discover
[0.062s] Level 1:colcon.colcon_core.package_discovery:discover_packages(recursive) discover
[0.062s] INFO:colcon.colcon_core.package_discovery:Crawling recursively for packages in '/home/kyle/Documents/ros2_bridge'
[0.062s] Level 1:colcon.colcon_core.package_identification:_identify(.) by extensions ['ignore', 'ignore_ament_install']
[0.062s] Level 1:colcon.colcon_core.package_identification:_identify(.) by extension 'ignore'
[0.062s] Level 1:colcon.colcon_core.package_identification:_identify(.) by extension 'ignore_ament_install'
[0.062s] Level 1:colcon.colcon_core.package_identification:_identify(.) by extensions ['colcon_pkg']
[0.062s] Level 1:colcon.colcon_core.package_identification:_identify(.) by extension 'colcon_pkg'
[0.062s] Level 1:colcon.colcon_core.package_identification:_identify(.) by extensions ['colcon_meta']
[0.062s] Level 1:colcon.colcon_core.package_identification:_identify(.) by extension 'colcon_meta'
[0.062s] Level 1:colcon.colcon_core.package_identification:_identify(.) by extensions ['ros']
[0.062s] Level 1:colcon.colcon_core.package_identification:_identify(.) by extension 'ros'
[0.073s] Level 1:colcon.colcon_core.package_identification:_identify(.) by extensions ['cmake', 'python']
[0.073s] Level 1:colcon.colcon_core.package_identification:_identify(.) by extension 'cmake'
[0.073s] Level 1:colcon.colcon_core.package_identification:_identify(.) by extension 'python'
[0.073s] Level 1:colcon.colcon_core.package_identification:_identify(.) by extensions ['python_setup_py']
[0.073s] Level 1:colcon.colcon_core.package_identification:_identify(.) by extension 'python_setup_py'
[0.073s] Level 1:colcon.colcon_core.package_identification:_identify(build) by extensions ['ignore', 'ignore_ament_install']
[0.073s] Level 1:colcon.colcon_core.package_identification:_identify(build) by extension 'ignore'
[0.073s] Level 1:colcon.colcon_core.package_identification:_identify(build) ignored
[0.073s] Level 1:colcon.colcon_core.package_identification:_identify(install) by extensions ['ignore', 'ignore_ament_install']
[0.073s] Level 1:colcon.colcon_core.package_identification:_identify(install) by extension 'ignore'
[0.073s] Level 1:colcon.colcon_core.package_identification:_identify(install) ignored
[0.073s] Level 1:colcon.colcon_core.package_identification:_identify(log) by extensions ['ignore', 'ignore_ament_install']
[0.073s] Level 1:colcon.colcon_core.package_identification:_identify(log) by extension 'ignore'
[0.073s] Level 1:colcon.colcon_core.package_identification:_identify(log) ignored
[0.073s] Level 1:colcon.colcon_core.package_identification:_identify(teleop_bridge_msgs) by extensions ['ignore', 'ignore_ament_install']
[0.073s] Level 1:colcon.colcon_core.package_identification:_identify(teleop_bridge_msgs) by extension 'ignore'
[0.073s] Level 1:colcon.colcon_core.package_identification:_identify(teleop_bridge_msgs) by extension 'ignore_ament_install'
[0.073s] Level 1:colcon.colcon_core.package_identification:_identify(teleop_bridge_msgs) by extensions ['colcon_pkg']
[0.073s] Level 1:colcon.colcon_core.package_identification:_identify(teleop_bridge_msgs) by extension 'colcon_pkg'
[0.073s] Level 1:colcon.colcon_core.package_identification:_identify(teleop_bridge_msgs) by extensions ['colcon_meta']
[0.073s] Level 1:colcon.colcon_core.package_identification:_identify(teleop_bridge_msgs) by extension 'colcon_meta'
[0.073s] Level 1:colcon.colcon_core.package_identification:_identify(teleop_bridge_msgs) by extensions ['ros']
[0.074s] Level 1:colcon.colcon_core.package_identification:_identify(teleop_bridge_msgs) by extension 'ros'
[0.075s] DEBUG:colcon.colcon_core.package_identification:Package 'teleop_bridge_msgs' with type 'ros.catkin' and name 'teleop_bridge_msgs'
[0.075s] Level 1:colcon.colcon_core.package_identification:_identify(teleop_controller_bridge) by extensions ['ignore', 'ignore_ament_install']
[0.075s] Level 1:colcon.colcon_core.package_identification:_identify(teleop_controller_bridge) by extension 'ignore'
[0.075s] Level 1:colcon.colcon_core.package_identification:_identify(teleop_controller_bridge) by extension 'ignore_ament_install'
[0.075s] Level 1:colcon.colcon_core.package_identification:_identify(teleop_controller_bridge) by extensions ['colcon_pkg']
[0.075s] Level 1:colcon.colcon_core.package_identification:_identify(teleop_controller_bridge) by extension 'colcon_pkg'
[0.075s] Level 1:colcon.colcon_core.package_identification:_identify(teleop_controller_bridge) by extensions ['colcon_meta']
[0.075s] Level 1:colcon.colcon_core.package_identification:_identify(teleop_controller_bridge) by extension 'colcon_meta'
[0.075s] Level 1:colcon.colcon_core.package_identification:_identify(teleop_controller_bridge) by extensions ['ros']
[0.075s] Level 1:colcon.colcon_core.package_identification:_identify(teleop_controller_bridge) by extension 'ros'
[0.075s] DEBUG:colcon.colcon_core.package_identification:Package 'teleop_controller_bridge' with type 'ros.ament_python' and name 'teleop_controller_bridge'
[0.075s] Level 1:colcon.colcon_core.package_discovery:discover_packages(recursive) using defaults
[0.075s] Level 1:colcon.colcon_core.package_discovery:discover_packages(ignore) discover
[0.075s] Level 1:colcon.colcon_core.package_discovery:discover_packages(ignore) using defaults
[0.075s] Level 1:colcon.colcon_core.package_discovery:discover_packages(path) discover
[0.075s] Level 1:colcon.colcon_core.package_discovery:discover_packages(path) using defaults
[0.083s] Level 1:colcon.colcon_core.package_discovery:discover_packages(prefix_path) check parameters
[0.083s] Level 1:colcon.colcon_core.package_discovery:discover_packages(prefix_path) discover
[0.083s] WARNING:colcon.colcon_ros.prefix_path.ament:The path '/home/kyle/Documents/ros2_bridge/install/teleop_controller_bridge' in the environment variable AMENT_PREFIX_PATH doesn't exist
[0.083s] WARNING:colcon.colcon_ros.prefix_path.catkin:The path '/home/kyle/Documents/ros2_bridge/install/teleop_bridge_msgs' in the environment variable CMAKE_PREFIX_PATH doesn't exist
[0.083s] DEBUG:colcon.colcon_installed_package_information.package_discovery:Found 0 installed packages in /home/kyle/Documents/ros2_bridge/install
[0.084s] DEBUG:colcon.colcon_installed_package_information.package_discovery:Found 192 installed packages in /opt/ros/jazzy
[0.084s] Level 1:colcon.colcon_core.package_discovery:discover_packages(prefix_path) using defaults
[0.094s] Level 5:colcon.colcon_core.verb:set package 'teleop_bridge_msgs' build argument 'cmake_args' from command line to 'None'
[0.094s] Level 5:colcon.colcon_core.verb:set package 'teleop_bridge_msgs' build argument 'cmake_target' from command line to 'None'
[0.094s] Level 5:colcon.colcon_core.verb:set package 'teleop_bridge_msgs' build argument 'cmake_target_skip_unavailable' from command line to 'False'
[0.094s] Level 5:colcon.colcon_core.verb:set package 'teleop_bridge_msgs' build argument 'cmake_clean_cache' from command line to 'False'
[0.094s] Level 5:colcon.colcon_core.verb:set package 'teleop_bridge_msgs' build argument 'cmake_clean_first' from command line to 'False'
[0.094s] Level 5:colcon.colcon_core.verb:set package 'teleop_bridge_msgs' build argument 'cmake_force_configure' from command line to 'False'
[0.094s] Level 5:colcon.colcon_core.verb:set package 'teleop_bridge_msgs' build argument 'ament_cmake_args' from command line to 'None'
[0.094s] Level 5:colcon.colcon_core.verb:set package 'teleop_bridge_msgs' build argument 'catkin_cmake_args' from command line to 'None'
[0.094s] Level 5:colcon.colcon_core.verb:set package 'teleop_bridge_msgs' build argument 'catkin_skip_building_tests' from command line to 'False'
[0.094s] DEBUG:colcon.colcon_core.verb:Building package 'teleop_bridge_msgs' with the following arguments: {'ament_cmake_args': None, 'build_base': '/home/kyle/Documents/ros2_bridge/build/teleop_bridge_msgs', 'catkin_cmake_args': None, 'catkin_skip_building_tests': False, 'cmake_args': None, 'cmake_clean_cache': False, 'cmake_clean_first': False, 'cmake_force_configure': False, 'cmake_target': None, 'cmake_target_skip_unavailable': False, 'install_base': '/home/kyle/Documents/ros2_bridge/install/teleop_bridge_msgs', 'merge_install': False, 'path': '/home/kyle/Documents/ros2_bridge/teleop_bridge_msgs', 'symlink_install': False, 'test_result_base': None}
[0.094s] Level 5:colcon.colcon_core.verb:set package 'teleop_controller_bridge' build argument 'cmake_args' from command line to 'None'
[0.094s] Level 5:colcon.colcon_core.verb:set package 'teleop_controller_bridge' build argument 'cmake_target' from command line to 'None'
[0.094s] Level 5:colcon.colcon_core.verb:set package 'teleop_controller_bridge' build argument 'cmake_target_skip_unavailable' from command line to 'False'
[0.094s] Level 5:colcon.colcon_core.verb:set package 'teleop_controller_bridge' build argument 'cmake_clean_cache' from command line to 'False'
[0.094s] Level 5:colcon.colcon_core.verb:set package 'teleop_controller_bridge' build argument 'cmake_clean_first' from command line to 'False'
[0.094s] Level 5:colcon.colcon_core.verb:set package 'teleop_controller_bridge' build argument 'cmake_force_configure' from command line to 'False'
[0.094s] Level 5:colcon.colcon_core.verb:set package 'teleop_controller_bridge' build argument 'ament_cmake_args' from command line to 'None'
[0.094s] Level 5:colcon.colcon_core.verb:set package 'teleop_controller_bridge' build argument 'catkin_cmake_args' from command line to 'None'
[0.094s] Level 5:colcon.colcon_core.verb:set package 'teleop_controller_bridge' build argument 'catkin_skip_building_tests' from command line to 'False'
[0.094s] DEBUG:colcon.colcon_core.verb:Building package 'teleop_controller_bridge' with the following arguments: {'ament_cmake_args': None, 'build_base': '/home/kyle/Documents/ros2_bridge/build/teleop_controller_bridge', 'catkin_cmake_args': None, 'catkin_skip_building_tests': False, 'cmake_args': None, 'cmake_clean_cache': False, 'cmake_clean_first': False, 'cmake_force_configure': False, 'cmake_target': None, 'cmake_target_skip_unavailable': False, 'install_base': '/home/kyle/Documents/ros2_bridge/install/teleop_controller_bridge', 'merge_install': False, 'path': '/home/kyle/Documents/ros2_bridge/teleop_controller_bridge', 'symlink_install': False, 'test_result_base': None}
[0.094s] INFO:colcon.colcon_core.executor:Executing jobs using 'parallel' executor
[0.095s] DEBUG:colcon.colcon_parallel_executor.executor.parallel:run_until_complete
[0.095s] INFO:colcon.colcon_ros.task.catkin.build:Building ROS package in '/home/kyle/Documents/ros2_bridge/teleop_bridge_msgs' with build type 'catkin'
[0.095s] INFO:colcon.colcon_cmake.task.cmake.build:Building CMake package in '/home/kyle/Documents/ros2_bridge/teleop_bridge_msgs'
[0.096s] INFO:colcon.colcon_core.plugin_system:Skipping extension 'colcon_core.shell.bat': Not used on non-Windows systems
[0.096s] INFO:colcon.colcon_core.shell:Skip shell extension 'powershell' for command environment: Not usable outside of PowerShell
[0.096s] DEBUG:colcon.colcon_core.shell:Skip shell extension 'dsv' for command environment
[0.098s] DEBUG:colcon.colcon_core.event_handler.log_command:Invoking command in '/home/kyle/Documents/ros2_bridge/build/teleop_bridge_msgs': CONDA_PROMPT_MODIFIER=(chrono312) DEBUGINFOD_URLS=https://debuginfod.ubuntu.com /usr/bin/cmake /home/kyle/Documents/ros2_bridge/teleop_bridge_msgs -DCATKIN_INSTALL_INTO_PREFIX_ROOT=0 -DCMAKE_INSTALL_PREFIX=/home/kyle/Documents/ros2_bridge/install/teleop_bridge_msgs
[1.311s] DEBUG:colcon.colcon_core.event_handler.log_command:Invoked command in '/home/kyle/Documents/ros2_bridge/build/teleop_bridge_msgs' returned '0': CONDA_PROMPT_MODIFIER=(chrono312) DEBUGINFOD_URLS=https://debuginfod.ubuntu.com /usr/bin/cmake /home/kyle/Documents/ros2_bridge/teleop_bridge_msgs -DCATKIN_INSTALL_INTO_PREFIX_ROOT=0 -DCMAKE_INSTALL_PREFIX=/home/kyle/Documents/ros2_bridge/install/teleop_bridge_msgs
[1.311s] DEBUG:colcon.colcon_core.event_handler.log_command:Invoking command in '/home/kyle/Documents/ros2_bridge/build/teleop_bridge_msgs': CONDA_PROMPT_MODIFIER=(chrono312) DEBUGINFOD_URLS=https://debuginfod.ubuntu.com /usr/bin/cmake --build /home/kyle/Documents/ros2_bridge/build/teleop_bridge_msgs -- -j12 -l12
[3.043s] DEBUG:colcon.colcon_core.event_handler.log_command:Invoked command in '/home/kyle/Documents/ros2_bridge/build/teleop_bridge_msgs' returned '0': CONDA_PROMPT_MODIFIER=(chrono312) DEBUGINFOD_URLS=https://debuginfod.ubuntu.com /usr/bin/cmake --build /home/kyle/Documents/ros2_bridge/build/teleop_bridge_msgs -- -j12 -l12
[3.046s] DEBUG:colcon.colcon_core.event_handler.log_command:Invoking command in '/home/kyle/Documents/ros2_bridge/build/teleop_bridge_msgs': CONDA_PROMPT_MODIFIER=(chrono312) DEBUGINFOD_URLS=https://debuginfod.ubuntu.com /usr/bin/cmake --install /home/kyle/Documents/ros2_bridge/build/teleop_bridge_msgs
[3.080s] DEBUG:colcon.colcon_core.event_handler.log_command:Invoked command in '/home/kyle/Documents/ros2_bridge/build/teleop_bridge_msgs' returned '0': CONDA_PROMPT_MODIFIER=(chrono312) DEBUGINFOD_URLS=https://debuginfod.ubuntu.com /usr/bin/cmake --install /home/kyle/Documents/ros2_bridge/build/teleop_bridge_msgs
[3.080s] Level 1:colcon.colcon_core.shell:create_environment_hook('teleop_bridge_msgs', 'ros_package_path')
[3.080s] INFO:colcon.colcon_core.shell:Creating environment hook '/home/kyle/Documents/ros2_bridge/install/teleop_bridge_msgs/share/teleop_bridge_msgs/hook/ros_package_path.ps1'
[3.080s] INFO:colcon.colcon_core.shell:Creating environment descriptor '/home/kyle/Documents/ros2_bridge/install/teleop_bridge_msgs/share/teleop_bridge_msgs/hook/ros_package_path.dsv'
[3.080s] INFO:colcon.colcon_core.shell:Creating environment hook '/home/kyle/Documents/ros2_bridge/install/teleop_bridge_msgs/share/teleop_bridge_msgs/hook/ros_package_path.sh'
[3.081s] Level 1:colcon.colcon_ros.task.catkin:checking '/home/kyle/Documents/ros2_bridge/install/teleop_bridge_msgs/lib/python3.12/site-packages'
[3.081s] Level 1:colcon.colcon_core.shell:create_environment_hook('teleop_bridge_msgs', 'catkin_pythonpath')
[3.081s] INFO:colcon.colcon_core.shell:Creating environment hook '/home/kyle/Documents/ros2_bridge/install/teleop_bridge_msgs/share/teleop_bridge_msgs/hook/catkin_pythonpath.ps1'
[3.081s] INFO:colcon.colcon_core.shell:Creating environment descriptor '/home/kyle/Documents/ros2_bridge/install/teleop_bridge_msgs/share/teleop_bridge_msgs/hook/catkin_pythonpath.dsv'
[3.081s] INFO:colcon.colcon_core.shell:Creating environment hook '/home/kyle/Documents/ros2_bridge/install/teleop_bridge_msgs/share/teleop_bridge_msgs/hook/catkin_pythonpath.sh'
[3.081s] Level 1:colcon.colcon_core.shell:create_environment_hook('teleop_bridge_msgs', 'pkg_config_path')
[3.081s] INFO:colcon.colcon_core.shell:Creating environment hook '/home/kyle/Documents/ros2_bridge/install/teleop_bridge_msgs/share/teleop_bridge_msgs/hook/pkg_config_path.ps1'
[3.081s] INFO:colcon.colcon_core.shell:Creating environment descriptor '/home/kyle/Documents/ros2_bridge/install/teleop_bridge_msgs/share/teleop_bridge_msgs/hook/pkg_config_path.dsv'
[3.081s] INFO:colcon.colcon_core.shell:Creating environment hook '/home/kyle/Documents/ros2_bridge/install/teleop_bridge_msgs/share/teleop_bridge_msgs/hook/pkg_config_path.sh'
[3.082s] Level 1:colcon.colcon_core.shell:create_environment_hook('teleop_bridge_msgs', 'pkg_config_path_multiarch')
[3.082s] INFO:colcon.colcon_core.shell:Creating environment hook '/home/kyle/Documents/ros2_bridge/install/teleop_bridge_msgs/share/teleop_bridge_msgs/hook/pkg_config_path_multiarch.ps1'
[3.082s] INFO:colcon.colcon_core.shell:Creating environment descriptor '/home/kyle/Documents/ros2_bridge/install/teleop_bridge_msgs/share/teleop_bridge_msgs/hook/pkg_config_path_multiarch.dsv'
[3.082s] INFO:colcon.colcon_core.shell:Creating environment hook '/home/kyle/Documents/ros2_bridge/install/teleop_bridge_msgs/share/teleop_bridge_msgs/hook/pkg_config_path_multiarch.sh'
[3.083s] Level 1:colcon.colcon_core.environment:create_environment_scripts_only(teleop_bridge_msgs)
[3.083s] Level 1:colcon.colcon_core.environment:checking '/home/kyle/Documents/ros2_bridge/install/teleop_bridge_msgs' for CMake module files
[3.083s] Level 1:colcon.colcon_core.environment:checking '/home/kyle/Documents/ros2_bridge/install/teleop_bridge_msgs' for CMake config files
[3.084s] Level 1:colcon.colcon_core.shell:create_environment_hook('teleop_bridge_msgs', 'cmake_prefix_path')
[3.084s] INFO:colcon.colcon_core.shell:Creating environment hook '/home/kyle/Documents/ros2_bridge/install/teleop_bridge_msgs/share/teleop_bridge_msgs/hook/cmake_prefix_path.ps1'
[3.084s] INFO:colcon.colcon_core.shell:Creating environment descriptor '/home/kyle/Documents/ros2_bridge/install/teleop_bridge_msgs/share/teleop_bridge_msgs/hook/cmake_prefix_path.dsv'
[3.084s] INFO:colcon.colcon_core.shell:Creating environment hook '/home/kyle/Documents/ros2_bridge/install/teleop_bridge_msgs/share/teleop_bridge_msgs/hook/cmake_prefix_path.sh'
[3.084s] Level 1:colcon.colcon_core.environment:checking '/home/kyle/Documents/ros2_bridge/install/teleop_bridge_msgs/lib'
[3.084s] Level 1:colcon.colcon_core.shell:create_environment_hook('teleop_bridge_msgs', 'ld_library_path_lib')
[3.084s] INFO:colcon.colcon_core.shell:Creating environment hook '/home/kyle/Documents/ros2_bridge/install/teleop_bridge_msgs/share/teleop_bridge_msgs/hook/ld_library_path_lib.ps1'
[3.085s] INFO:colcon.colcon_core.shell:Creating environment descriptor '/home/kyle/Documents/ros2_bridge/install/teleop_bridge_msgs/share/teleop_bridge_msgs/hook/ld_library_path_lib.dsv'
[3.085s] INFO:colcon.colcon_core.shell:Creating environment hook '/home/kyle/Documents/ros2_bridge/install/teleop_bridge_msgs/share/teleop_bridge_msgs/hook/ld_library_path_lib.sh'
[3.085s] Level 1:colcon.colcon_core.environment:checking '/home/kyle/Documents/ros2_bridge/install/teleop_bridge_msgs/bin'
[3.085s] Level 1:colcon.colcon_core.environment:checking '/home/kyle/Documents/ros2_bridge/install/teleop_bridge_msgs/lib/pkgconfig/teleop_bridge_msgs.pc'
[3.085s] Level 1:colcon.colcon_core.environment:checking '/home/kyle/Documents/ros2_bridge/install/teleop_bridge_msgs/lib/python3.12/site-packages'
[3.085s] Level 1:colcon.colcon_core.shell:create_environment_hook('teleop_bridge_msgs', 'pythonpath')
[3.085s] INFO:colcon.colcon_core.shell:Creating environment hook '/home/kyle/Documents/ros2_bridge/install/teleop_bridge_msgs/share/teleop_bridge_msgs/hook/pythonpath.ps1'
[3.085s] INFO:colcon.colcon_core.shell:Creating environment descriptor '/home/kyle/Documents/ros2_bridge/install/teleop_bridge_msgs/share/teleop_bridge_msgs/hook/pythonpath.dsv'
[3.085s] INFO:colcon.colcon_core.shell:Creating environment hook '/home/kyle/Documents/ros2_bridge/install/teleop_bridge_msgs/share/teleop_bridge_msgs/hook/pythonpath.sh'
[3.085s] Level 1:colcon.colcon_core.environment:checking '/home/kyle/Documents/ros2_bridge/install/teleop_bridge_msgs/bin'
[3.086s] INFO:colcon.colcon_core.shell:Creating package script '/home/kyle/Documents/ros2_bridge/install/teleop_bridge_msgs/share/teleop_bridge_msgs/package.ps1'
[3.086s] INFO:colcon.colcon_core.shell:Creating package descriptor '/home/kyle/Documents/ros2_bridge/install/teleop_bridge_msgs/share/teleop_bridge_msgs/package.dsv'
[3.086s] INFO:colcon.colcon_core.shell:Creating package script '/home/kyle/Documents/ros2_bridge/install/teleop_bridge_msgs/share/teleop_bridge_msgs/package.sh'
[3.087s] INFO:colcon.colcon_core.shell:Creating package script '/home/kyle/Documents/ros2_bridge/install/teleop_bridge_msgs/share/teleop_bridge_msgs/package.bash'
[3.087s] INFO:colcon.colcon_core.shell:Creating package script '/home/kyle/Documents/ros2_bridge/install/teleop_bridge_msgs/share/teleop_bridge_msgs/package.zsh'
[3.087s] Level 1:colcon.colcon_core.environment:create_file_with_runtime_dependencies(/home/kyle/Documents/ros2_bridge/install/teleop_bridge_msgs/share/colcon-core/packages/teleop_bridge_msgs)
[3.087s] INFO:colcon.colcon_ros.task.ament_python.build:Building ROS package in '/home/kyle/Documents/ros2_bridge/teleop_controller_bridge' with build type 'ament_python'
[3.087s] Level 1:colcon.colcon_core.shell:create_environment_hook('teleop_controller_bridge', 'ament_prefix_path')
[3.087s] INFO:colcon.colcon_core.shell:Creating environment hook '/home/kyle/Documents/ros2_bridge/install/teleop_controller_bridge/share/teleop_controller_bridge/hook/ament_prefix_path.ps1'
[3.088s] INFO:colcon.colcon_core.shell:Creating environment descriptor '/home/kyle/Documents/ros2_bridge/install/teleop_controller_bridge/share/teleop_controller_bridge/hook/ament_prefix_path.dsv'
[3.088s] INFO:colcon.colcon_core.shell:Creating environment hook '/home/kyle/Documents/ros2_bridge/install/teleop_controller_bridge/share/teleop_controller_bridge/hook/ament_prefix_path.sh'
[3.088s] INFO:colcon.colcon_core.shell:Skip shell extension 'powershell' for command environment: Not usable outside of PowerShell
[3.088s] DEBUG:colcon.colcon_core.shell:Skip shell extension 'dsv' for command environment
[3.170s] INFO:colcon.colcon_core.task.python.build:Building Python package in '/home/kyle/Documents/ros2_bridge/teleop_controller_bridge'
[3.170s] INFO:colcon.colcon_core.shell:Skip shell extension 'powershell' for command environment: Not usable outside of PowerShell
[3.170s] DEBUG:colcon.colcon_core.shell:Skip shell extension 'dsv' for command environment
[3.365s] DEBUG:colcon.colcon_core.event_handler.log_command:Invoking command in '/home/kyle/Documents/ros2_bridge/teleop_controller_bridge': CONDA_PROMPT_MODIFIER=(chrono312) DEBUGINFOD_URLS=https://debuginfod.ubuntu.com LD_LIBRARY_PATH=/home/kyle/Documents/ros2_bridge/install/teleop_bridge_msgs/lib:/opt/ros/jazzy/lib/x86_64-linux-gnu:/opt/ros/jazzy/lib:/usr/local/cuda/lib64 PYTHONPATH=/home/kyle/Documents/ros2_bridge/build/teleop_controller_bridge/prefix_override:/usr/lib/python3/dist-packages/colcon_core/task/python/colcon_distutils_commands:/home/kyle/Documents/ros2_bridge/install/teleop_controller_bridge/lib/python3.12/site-packages:/home/kyle/Documents/ros2_bridge/install/teleop_bridge_msgs/lib/python3.12/site-packages:/home/kyle/Documents/ros2_bridge/build/teleop_controller_bridge:/home/kyle/Documents/ros2_bridge/install/teleop_controller_bridge/lib/python3.12/site-packages:/opt/ros/jazzy/lib/python3.12/site-packages /usr/bin/python3 -W ignore:setup.py install is deprecated -W ignore:easy_install command is deprecated setup.py egg_info --egg-base ../build/teleop_controller_bridge build --build-base /home/kyle/Documents/ros2_bridge/build/teleop_controller_bridge/build install --record /home/kyle/Documents/ros2_bridge/build/teleop_controller_bridge/install.log --single-version-externally-managed install_data
[3.546s] Level 1:colcon.colcon_core.environment:checking '/home/kyle/Documents/ros2_bridge/install/teleop_controller_bridge' for CMake module files
[3.546s] DEBUG:colcon.colcon_core.event_handler.log_command:Invoked command in '/home/kyle/Documents/ros2_bridge/teleop_controller_bridge' returned '0': CONDA_PROMPT_MODIFIER=(chrono312) DEBUGINFOD_URLS=https://debuginfod.ubuntu.com LD_LIBRARY_PATH=/home/kyle/Documents/ros2_bridge/install/teleop_bridge_msgs/lib:/opt/ros/jazzy/lib/x86_64-linux-gnu:/opt/ros/jazzy/lib:/usr/local/cuda/lib64 PYTHONPATH=/home/kyle/Documents/ros2_bridge/build/teleop_controller_bridge/prefix_override:/usr/lib/python3/dist-packages/colcon_core/task/python/colcon_distutils_commands:/home/kyle/Documents/ros2_bridge/install/teleop_controller_bridge/lib/python3.12/site-packages:/home/kyle/Documents/ros2_bridge/install/teleop_bridge_msgs/lib/python3.12/site-packages:/home/kyle/Documents/ros2_bridge/build/teleop_controller_bridge:/home/kyle/Documents/ros2_bridge/install/teleop_controller_bridge/lib/python3.12/site-packages:/opt/ros/jazzy/lib/python3.12/site-packages /usr/bin/python3 -W ignore:setup.py install is deprecated -W ignore:easy_install command is deprecated setup.py egg_info --egg-base ../build/teleop_controller_bridge build --build-base /home/kyle/Documents/ros2_bridge/build/teleop_controller_bridge/build install --record /home/kyle/Documents/ros2_bridge/build/teleop_controller_bridge/install.log --single-version-externally-managed install_data
[3.546s] Level 1:colcon.colcon_core.environment:checking '/home/kyle/Documents/ros2_bridge/install/teleop_controller_bridge' for CMake config files
[3.547s] Level 1:colcon.colcon_core.environment:checking '/home/kyle/Documents/ros2_bridge/install/teleop_controller_bridge/lib'
[3.547s] Level 1:colcon.colcon_core.environment:checking '/home/kyle/Documents/ros2_bridge/install/teleop_controller_bridge/bin'
[3.547s] Level 1:colcon.colcon_core.shell:create_environment_hook('teleop_controller_bridge', 'path')
[3.547s] INFO:colcon.colcon_core.shell:Creating environment hook '/home/kyle/Documents/ros2_bridge/install/teleop_controller_bridge/share/teleop_controller_bridge/hook/path.ps1'
[3.547s] INFO:colcon.colcon_core.shell:Creating environment descriptor '/home/kyle/Documents/ros2_bridge/install/teleop_controller_bridge/share/teleop_controller_bridge/hook/path.dsv'
[3.547s] INFO:colcon.colcon_core.shell:Creating environment hook '/home/kyle/Documents/ros2_bridge/install/teleop_controller_bridge/share/teleop_controller_bridge/hook/path.sh'
[3.547s] Level 1:colcon.colcon_core.environment:checking '/home/kyle/Documents/ros2_bridge/install/teleop_controller_bridge/lib/pkgconfig/teleop_controller_bridge.pc'
[3.547s] Level 1:colcon.colcon_core.environment:checking '/home/kyle/Documents/ros2_bridge/install/teleop_controller_bridge/lib/python3.12/site-packages'
[3.547s] Level 1:colcon.colcon_core.shell:create_environment_hook('teleop_controller_bridge', 'pythonpath')
[3.547s] INFO:colcon.colcon_core.shell:Creating environment hook '/home/kyle/Documents/ros2_bridge/install/teleop_controller_bridge/share/teleop_controller_bridge/hook/pythonpath.ps1'
[3.547s] INFO:colcon.colcon_core.shell:Creating environment descriptor '/home/kyle/Documents/ros2_bridge/install/teleop_controller_bridge/share/teleop_controller_bridge/hook/pythonpath.dsv'
[3.548s] INFO:colcon.colcon_core.shell:Creating environment hook '/home/kyle/Documents/ros2_bridge/install/teleop_controller_bridge/share/teleop_controller_bridge/hook/pythonpath.sh'
[3.548s] Level 1:colcon.colcon_core.environment:checking '/home/kyle/Documents/ros2_bridge/install/teleop_controller_bridge/bin'
[3.548s] Level 1:colcon.colcon_core.shell:create_environment_hook('teleop_controller_bridge', 'pythonscriptspath')
[3.548s] INFO:colcon.colcon_core.shell:Creating environment hook '/home/kyle/Documents/ros2_bridge/install/teleop_controller_bridge/share/teleop_controller_bridge/hook/pythonscriptspath.ps1'
[3.548s] INFO:colcon.colcon_core.shell:Creating environment descriptor '/home/kyle/Documents/ros2_bridge/install/teleop_controller_bridge/share/teleop_controller_bridge/hook/pythonscriptspath.dsv'
[3.548s] INFO:colcon.colcon_core.shell:Creating environment hook '/home/kyle/Documents/ros2_bridge/install/teleop_controller_bridge/share/teleop_controller_bridge/hook/pythonscriptspath.sh'
[3.548s] Level 1:colcon.colcon_core.environment:create_environment_scripts_only(teleop_controller_bridge)
[3.548s] INFO:colcon.colcon_core.shell:Creating package script '/home/kyle/Documents/ros2_bridge/install/teleop_controller_bridge/share/teleop_controller_bridge/package.ps1'
[3.548s] INFO:colcon.colcon_core.shell:Creating package descriptor '/home/kyle/Documents/ros2_bridge/install/teleop_controller_bridge/share/teleop_controller_bridge/package.dsv'
[3.549s] INFO:colcon.colcon_core.shell:Creating package script '/home/kyle/Documents/ros2_bridge/install/teleop_controller_bridge/share/teleop_controller_bridge/package.sh'
[3.549s] INFO:colcon.colcon_core.shell:Creating package script '/home/kyle/Documents/ros2_bridge/install/teleop_controller_bridge/share/teleop_controller_bridge/package.bash'
[3.549s] INFO:colcon.colcon_core.shell:Creating package script '/home/kyle/Documents/ros2_bridge/install/teleop_controller_bridge/share/teleop_controller_bridge/package.zsh'
[3.549s] Level 1:colcon.colcon_core.environment:create_file_with_runtime_dependencies(/home/kyle/Documents/ros2_bridge/install/teleop_controller_bridge/share/colcon-core/packages/teleop_controller_bridge)
[3.549s] DEBUG:colcon.colcon_parallel_executor.executor.parallel:closing loop
[3.549s] DEBUG:colcon.colcon_parallel_executor.executor.parallel:loop closed
[3.549s] DEBUG:colcon.colcon_parallel_executor.executor.parallel:run_until_complete finished with '0'
[3.549s] DEBUG:colcon.colcon_core.event_reactor:joining thread
[3.552s] INFO:colcon.colcon_core.plugin_system:Skipping extension 'colcon_notification.desktop_notification.terminal_notifier': Not used on non-Darwin systems
[3.552s] INFO:colcon.colcon_core.plugin_system:Skipping extension 'colcon_notification.desktop_notification.win32': Not used on non-Windows systems
[3.552s] INFO:colcon.colcon_notification.desktop_notification:Sending desktop notification using 'notify2'
[3.558s] DEBUG:colcon.colcon_core.event_reactor:joined thread
[3.558s] INFO:colcon.colcon_core.shell:Creating prefix script '/home/kyle/Documents/ros2_bridge/install/local_setup.ps1'
[3.558s] INFO:colcon.colcon_core.shell:Creating prefix util module '/home/kyle/Documents/ros2_bridge/install/_local_setup_util_ps1.py'
[3.558s] INFO:colcon.colcon_core.shell:Creating prefix chain script '/home/kyle/Documents/ros2_bridge/install/setup.ps1'
[3.559s] INFO:colcon.colcon_core.shell:Creating prefix script '/home/kyle/Documents/ros2_bridge/install/local_setup.sh'
[3.559s] INFO:colcon.colcon_core.shell:Creating prefix util module '/home/kyle/Documents/ros2_bridge/install/_local_setup_util_sh.py'
[3.559s] INFO:colcon.colcon_core.shell:Creating prefix chain script '/home/kyle/Documents/ros2_bridge/install/setup.sh'
[3.559s] INFO:colcon.colcon_core.shell:Creating prefix script '/home/kyle/Documents/ros2_bridge/install/local_setup.bash'
[3.559s] INFO:colcon.colcon_core.shell:Creating prefix chain script '/home/kyle/Documents/ros2_bridge/install/setup.bash'
[3.560s] INFO:colcon.colcon_core.shell:Creating prefix script '/home/kyle/Documents/ros2_bridge/install/local_setup.zsh'
[3.560s] INFO:colcon.colcon_core.shell:Creating prefix chain script '/home/kyle/Documents/ros2_bridge/install/setup.zsh'
