/home/kyle/Documents/ros2_bridge/install/teleop_controller_bridge/lib/python3.12/site-packages/teleop_controller_bridge/__init__.py
/home/kyle/Documents/ros2_bridge/install/teleop_controller_bridge/lib/python3.12/site-packages/teleop_controller_bridge/ccta_bridge_node.py
/home/kyle/Documents/ros2_bridge/install/teleop_controller_bridge/lib/python3.12/site-packages/teleop_controller_bridge/ccta_assets/__init__.py
/home/kyle/Documents/ros2_bridge/install/teleop_controller_bridge/lib/python3.12/site-packages/teleop_controller_bridge/ccta_assets/model.py
/home/kyle/Documents/ros2_bridge/install/teleop_controller_bridge/lib/python3.12/site-packages/teleop_controller_bridge/ccta_assets/controller.py
/home/kyle/Documents/ros2_bridge/install/teleop_controller_bridge/lib/python3.12/site-packages/teleop_controller_bridge/ccta_assets/utils.py
/home/kyle/Documents/ros2_bridge/install/teleop_controller_bridge/lib/python3.12/site-packages/teleop_controller_bridge/ccta_assets/DobCBFHelper.py
/home/kyle/Documents/ros2_bridge/install/teleop_controller_bridge/lib/python3.12/site-packages/teleop_controller_bridge/ccta_assets/LSTMHelper.py
/home/kyle/Documents/ros2_bridge/install/teleop_controller_bridge/lib/python3.12/site-packages/teleop_controller_bridge/ccta_assets/data/sta_lstm_10272020.tar
/home/kyle/Documents/ros2_bridge/install/teleop_controller_bridge/lib/python3.12/site-packages/teleop_controller_bridge/ccta_assets/data/training_data/CP_data.csv
/home/kyle/Documents/ros2_bridge/install/teleop_controller_bridge/lib/python3.12/site-packages/teleop_controller_bridge/__pycache__/__init__.cpython-312.pyc
/home/kyle/Documents/ros2_bridge/install/teleop_controller_bridge/lib/python3.12/site-packages/teleop_controller_bridge/__pycache__/ccta_bridge_node.cpython-312.pyc
/home/kyle/Documents/ros2_bridge/install/teleop_controller_bridge/lib/python3.12/site-packages/teleop_controller_bridge/ccta_assets/__pycache__/__init__.cpython-312.pyc
/home/kyle/Documents/ros2_bridge/install/teleop_controller_bridge/lib/python3.12/site-packages/teleop_controller_bridge/ccta_assets/__pycache__/model.cpython-312.pyc
/home/kyle/Documents/ros2_bridge/install/teleop_controller_bridge/lib/python3.12/site-packages/teleop_controller_bridge/ccta_assets/__pycache__/controller.cpython-312.pyc
/home/kyle/Documents/ros2_bridge/install/teleop_controller_bridge/lib/python3.12/site-packages/teleop_controller_bridge/ccta_assets/__pycache__/utils.cpython-312.pyc
/home/kyle/Documents/ros2_bridge/install/teleop_controller_bridge/lib/python3.12/site-packages/teleop_controller_bridge/ccta_assets/__pycache__/DobCBFHelper.cpython-312.pyc
/home/kyle/Documents/ros2_bridge/install/teleop_controller_bridge/lib/python3.12/site-packages/teleop_controller_bridge/ccta_assets/__pycache__/LSTMHelper.cpython-312.pyc
/home/kyle/Documents/ros2_bridge/install/teleop_controller_bridge/share/ament_index/resource_index/packages/teleop_controller_bridge
/home/kyle/Documents/ros2_bridge/install/teleop_controller_bridge/share/teleop_controller_bridge/package.xml
/home/kyle/Documents/ros2_bridge/install/teleop_controller_bridge/lib/teleop_controller_bridge/ccta_teleop_controller
/home/kyle/Documents/ros2_bridge/install/teleop_controller_bridge/lib/python3.12/site-packages/teleop_controller_bridge-0.1.0-py3.12.egg-info/requires.txt
/home/kyle/Documents/ros2_bridge/install/teleop_controller_bridge/lib/python3.12/site-packages/teleop_controller_bridge-0.1.0-py3.12.egg-info/zip-safe
/home/kyle/Documents/ros2_bridge/install/teleop_controller_bridge/lib/python3.12/site-packages/teleop_controller_bridge-0.1.0-py3.12.egg-info/SOURCES.txt
/home/kyle/Documents/ros2_bridge/install/teleop_controller_bridge/lib/python3.12/site-packages/teleop_controller_bridge-0.1.0-py3.12.egg-info/dependency_links.txt
/home/kyle/Documents/ros2_bridge/install/teleop_controller_bridge/lib/python3.12/site-packages/teleop_controller_bridge-0.1.0-py3.12.egg-info/PKG-INFO
/home/kyle/Documents/ros2_bridge/install/teleop_controller_bridge/lib/python3.12/site-packages/teleop_controller_bridge-0.1.0-py3.12.egg-info/entry_points.txt
/home/kyle/Documents/ros2_bridge/install/teleop_controller_bridge/lib/python3.12/site-packages/teleop_controller_bridge-0.1.0-py3.12.egg-info/top_level.txt
/home/kyle/Documents/ros2_bridge/install/teleop_controller_bridge/bin/ccta_teleop_controller
